Check begun at 24/09/2024 14:08 
Couldn't find patient with id LXWK2D 
Couldn't find patient with id 003VUH 
Couldn't find patient with id LXWK2D 
Check concluded at 24/09/2024 14:08 
Check begun at 08/10/2024 10:29 
Check concluded at 08/10/2024 10:29 
Check begun at 08/10/2024 10:39 
Check concluded at 08/10/2024 10:39 
Check begun at 08/10/2024 10:49 
Check concluded at 08/10/2024 10:49 
Check begun at 08/10/2024 10:59 
Check concluded at 08/10/2024 10:59 
Check begun at 08/10/2024 10:09 
Check concluded at 08/10/2024 10:09 
Check begun at 08/10/2024 10:19 
Check concluded at 08/10/2024 10:19 
Check begun at 08/10/2024 10:29 
Check concluded at 08/10/2024 10:29 
Check begun at 08/10/2024 10:39 
Check concluded at 08/10/2024 10:39 
Check begun at 08/10/2024 10:49 
Check concluded at 08/10/2024 10:49 
Check begun at 08/10/2024 10:59 
Check concluded at 08/10/2024 10:59 
Check begun at 08/10/2024 10:09 
Check concluded at 08/10/2024 10:09 
Check begun at 08/10/2024 10:19 
Check concluded at 08/10/2024 10:20 
Check begun at 08/10/2024 10:30 
Check concluded at 08/10/2024 10:30 
Check begun at 08/10/2024 10:40 
Check concluded at 08/10/2024 10:40 
Check begun at 08/10/2024 10:50 
Check concluded at 08/10/2024 10:50 
Check begun at 08/10/2024 10:00 
Check concluded at 08/10/2024 10:00 
Check begun at 08/10/2024 10:10 
Check concluded at 08/10/2024 10:10 
Check begun at 08/10/2024 10:20 
Check concluded at 08/10/2024 10:20 
Check begun at 08/10/2024 10:30 
Check concluded at 08/10/2024 10:30 
Check begun at 08/10/2024 10:40 
Check concluded at 08/10/2024 10:40 
Check begun at 08/10/2024 10:50 
Check concluded at 08/10/2024 10:50 
Check begun at 08/10/2024 10:00 
Check concluded at 08/10/2024 10:00 
Check begun at 08/10/2024 10:10 
Check concluded at 08/10/2024 10:10 
Check begun at 08/10/2024 10:20 
Check concluded at 08/10/2024 10:20 
Check begun at 08/10/2024 10:30 
Check concluded at 08/10/2024 10:30 
Check begun at 08/10/2024 10:40 
Check concluded at 08/10/2024 10:40 
Check begun at 08/10/2024 10:50 
Check concluded at 08/10/2024 10:51 
Check begun at 08/10/2024 10:01 
Check concluded at 08/10/2024 10:01 
Check begun at 08/10/2024 10:11 
Check concluded at 08/10/2024 10:11 
Check begun at 08/10/2024 10:21 
Check concluded at 08/10/2024 10:21 
Check begun at 08/10/2024 10:31 
Check concluded at 08/10/2024 10:31 
Check begun at 08/10/2024 10:41 
Check concluded at 08/10/2024 10:41 
Check begun at 08/10/2024 10:51 
Check concluded at 08/10/2024 10:51 
Check begun at 08/10/2024 10:01 
Check concluded at 08/10/2024 10:01 
Check begun at 08/10/2024 10:11 
Check concluded at 08/10/2024 10:11 
Check begun at 08/10/2024 10:21 
Check concluded at 08/10/2024 10:21 
Check begun at 08/10/2024 10:31 
Check concluded at 08/10/2024 10:31 
Check begun at 08/10/2024 10:41 
Check concluded at 08/10/2024 10:41 
Check begun at 08/10/2024 10:51 
Check concluded at 08/10/2024 10:51 
Check begun at 08/10/2024 10:01 
Check concluded at 08/10/2024 10:01 
Check begun at 08/10/2024 10:11 
Check concluded at 08/10/2024 10:12 
Check begun at 08/10/2024 10:22 
Check concluded at 08/10/2024 10:22 
Check begun at 08/10/2024 10:32 
Check concluded at 08/10/2024 10:32 
Check begun at 08/10/2024 10:42 
Check concluded at 08/10/2024 10:42 
Check begun at 08/10/2024 10:52 
Check concluded at 08/10/2024 10:52 
Check begun at 08/10/2024 10:02 
Check concluded at 08/10/2024 10:02 
Check begun at 08/10/2024 10:12 
Check concluded at 08/10/2024 10:12 
Check begun at 08/10/2024 10:22 
Check concluded at 08/10/2024 10:22 
Check begun at 08/10/2024 10:32 
Check concluded at 08/10/2024 10:32 
Check begun at 08/10/2024 10:42 
Check concluded at 08/10/2024 10:42 
Check begun at 08/10/2024 10:52 
Check concluded at 08/10/2024 10:52 
Check begun at 08/10/2024 10:02 
Check concluded at 08/10/2024 10:02 
Check begun at 08/10/2024 10:12 
Check concluded at 08/10/2024 10:12 
Check begun at 08/10/2024 10:22 
Check concluded at 08/10/2024 10:22 
Check begun at 08/10/2024 10:32 
Check concluded at 08/10/2024 10:32 
Check begun at 08/10/2024 10:42 
Check concluded at 08/10/2024 10:43 
Check begun at 08/10/2024 10:53 
Check concluded at 08/10/2024 10:53 
Check begun at 08/10/2024 10:03 
Check concluded at 08/10/2024 10:03 
Check begun at 08/10/2024 10:13 
Check concluded at 08/10/2024 10:13 
Check begun at 08/10/2024 10:23 
Check concluded at 08/10/2024 10:23 
Check begun at 08/10/2024 10:33 
Check concluded at 08/10/2024 10:33 
Check begun at 08/10/2024 10:43 
Check concluded at 08/10/2024 10:43 
Check begun at 08/10/2024 10:53 
Check concluded at 08/10/2024 10:53 
Check begun at 08/10/2024 10:03 
Check concluded at 08/10/2024 10:03 
Check begun at 08/10/2024 10:13 
Check concluded at 08/10/2024 10:13 
Check begun at 08/10/2024 10:23 
Check concluded at 08/10/2024 10:23 
Check begun at 08/10/2024 10:33 
Check concluded at 08/10/2024 10:33 
Check begun at 08/10/2024 10:43 
Check concluded at 08/10/2024 10:43 
Check begun at 08/10/2024 10:53 
Check concluded at 08/10/2024 10:53 
Check begun at 08/10/2024 10:03 
Check concluded at 08/10/2024 10:03 
Check begun at 08/10/2024 10:13 
Check concluded at 08/10/2024 10:13 
Check begun at 08/10/2024 10:23 
Check concluded at 08/10/2024 10:24 
Check begun at 08/10/2024 10:34 
Check concluded at 08/10/2024 10:34 
Check begun at 08/10/2024 10:44 
Check concluded at 08/10/2024 10:44 
Check begun at 08/10/2024 10:54 
Check concluded at 08/10/2024 10:54 
Check begun at 08/10/2024 10:04 
Check concluded at 08/10/2024 10:04 
Check begun at 08/10/2024 10:14 
Check concluded at 08/10/2024 10:14 
Check begun at 08/10/2024 10:24 
Check concluded at 08/10/2024 10:24 
Check begun at 08/10/2024 10:34 
Check concluded at 08/10/2024 10:34 
Check begun at 08/10/2024 10:44 
Check concluded at 08/10/2024 10:44 
Check begun at 08/10/2024 10:54 
Check concluded at 08/10/2024 10:54 
Check begun at 08/10/2024 10:04 
Check concluded at 08/10/2024 10:04 
Check begun at 08/10/2024 10:14 
Check concluded at 08/10/2024 10:14 
Check begun at 08/10/2024 10:24 
Check concluded at 08/10/2024 10:24 
Check begun at 08/10/2024 10:34 
Check concluded at 08/10/2024 10:34 
Check begun at 08/10/2024 10:44 
Check concluded at 08/10/2024 10:44 
Check begun at 08/10/2024 10:54 
Check concluded at 08/10/2024 10:55 
Check begun at 08/10/2024 10:05 
Check concluded at 08/10/2024 10:05 
Check begun at 08/10/2024 10:15 
Check concluded at 08/10/2024 10:15 
Check begun at 08/10/2024 10:25 
Check concluded at 08/10/2024 10:25 
Check begun at 08/10/2024 10:35 
Check concluded at 08/10/2024 10:35 
Check begun at 08/10/2024 10:45 
Check concluded at 08/10/2024 10:45 
Check begun at 08/10/2024 10:55 
Check concluded at 08/10/2024 10:55 
Check begun at 08/10/2024 10:05 
Check concluded at 08/10/2024 10:05 
Check begun at 08/10/2024 10:15 
Check concluded at 08/10/2024 10:15 
Check begun at 08/10/2024 10:25 
Check concluded at 08/10/2024 10:25 
Check begun at 08/10/2024 10:35 
Check concluded at 08/10/2024 10:35 
Check begun at 08/10/2024 10:45 
Check concluded at 08/10/2024 10:45 
Check begun at 08/10/2024 10:55 
Check concluded at 08/10/2024 10:55 
Check begun at 08/10/2024 10:05 
Check concluded at 08/10/2024 10:05 
Check begun at 08/10/2024 10:15 
Check concluded at 08/10/2024 10:15 
Check begun at 08/10/2024 10:25 
Check concluded at 08/10/2024 10:26 
Check begun at 08/10/2024 10:36 
Check concluded at 08/10/2024 10:36 
Check begun at 08/10/2024 10:46 
Check concluded at 08/10/2024 10:46 
Check begun at 08/10/2024 10:56 
Check concluded at 08/10/2024 10:56 
Check begun at 08/10/2024 10:06 
Check concluded at 08/10/2024 10:06 
Check begun at 08/10/2024 10:16 
Check concluded at 08/10/2024 10:16 
Check begun at 08/10/2024 10:26 
Check concluded at 08/10/2024 10:26 
Check begun at 08/10/2024 10:36 
Check concluded at 08/10/2024 10:36 
Check begun at 08/10/2024 10:46 
Check concluded at 08/10/2024 10:46 
Check begun at 08/10/2024 10:56 
Check concluded at 08/10/2024 10:56 
Check begun at 08/10/2024 10:06 
Check concluded at 08/10/2024 10:06 
Check begun at 08/10/2024 10:16 
Check concluded at 08/10/2024 10:16 
Check begun at 08/10/2024 10:26 
Check concluded at 08/10/2024 10:26 
Check begun at 08/10/2024 10:36 
Check concluded at 08/10/2024 10:36 
Check begun at 08/10/2024 10:46 
Check concluded at 08/10/2024 10:46 
Check begun at 08/10/2024 10:56 
Check concluded at 08/10/2024 10:56 
Check begun at 08/10/2024 10:06 
Check concluded at 08/10/2024 10:06 
Check begun at 08/10/2024 10:16 
Check concluded at 08/10/2024 10:17 
Check begun at 08/10/2024 10:27 
Check concluded at 08/10/2024 10:27 
Check begun at 08/10/2024 10:37 
Check concluded at 08/10/2024 10:37 
Check begun at 08/10/2024 10:47 
Check concluded at 08/10/2024 10:47 
Check begun at 08/10/2024 10:57 
Check concluded at 08/10/2024 10:57 
Check begun at 08/10/2024 10:07 
Check concluded at 08/10/2024 10:07 
Check begun at 08/10/2024 10:17 
Check concluded at 08/10/2024 10:17 
Check begun at 08/10/2024 10:27 
Check concluded at 08/10/2024 10:27 
Check begun at 08/10/2024 10:37 
Check concluded at 08/10/2024 10:37 
Check begun at 08/10/2024 10:47 
Check concluded at 08/10/2024 10:47 
Check begun at 08/10/2024 10:57 
Check concluded at 08/10/2024 10:57 
Check begun at 08/10/2024 10:07 
Check concluded at 08/10/2024 10:07 
Check begun at 08/10/2024 10:17 
Check concluded at 08/10/2024 10:17 
Check begun at 08/10/2024 10:27 
Check concluded at 08/10/2024 10:27 
Check begun at 08/10/2024 10:37 
Check concluded at 08/10/2024 10:37 
Check begun at 08/10/2024 10:47 
Check concluded at 08/10/2024 10:48 
Check begun at 08/10/2024 10:58 
Check concluded at 08/10/2024 10:58 
Check begun at 08/10/2024 10:08 
Check concluded at 08/10/2024 10:08 
Check begun at 08/10/2024 10:18 
Check concluded at 08/10/2024 10:18 
Check begun at 08/10/2024 10:28 
Check concluded at 08/10/2024 10:28 
Check begun at 08/10/2024 10:38 
Check concluded at 08/10/2024 10:38 
Check begun at 08/10/2024 10:48 
Check concluded at 08/10/2024 10:48 
Check begun at 08/10/2024 10:58 
Check concluded at 08/10/2024 10:58 
Check begun at 08/10/2024 10:08 
Check concluded at 08/10/2024 10:08 
Check begun at 08/10/2024 10:18 
Check concluded at 08/10/2024 10:18 
Check begun at 08/10/2024 10:28 
Check concluded at 08/10/2024 10:28 
Check begun at 08/10/2024 10:38 
Check concluded at 08/10/2024 10:38 
Check begun at 08/10/2024 10:48 
Check concluded at 08/10/2024 10:48 
Check begun at 08/10/2024 10:58 
Check concluded at 08/10/2024 10:58 
Check begun at 08/10/2024 10:08 
Check concluded at 08/10/2024 10:08 
Check begun at 08/10/2024 10:18 
Check concluded at 08/10/2024 10:18 
Check begun at 08/10/2024 10:28 
Check concluded at 08/10/2024 10:28 
Check begun at 08/10/2024 10:38 
Check concluded at 08/10/2024 10:38 
Check begun at 08/10/2024 10:48 
Check concluded at 08/10/2024 10:49 
Check begun at 08/10/2024 10:59 
Check concluded at 08/10/2024 10:59 
Check begun at 08/10/2024 10:09 
Check concluded at 08/10/2024 10:09 
Check begun at 08/10/2024 10:19 
Check concluded at 08/10/2024 10:19 
Check begun at 08/10/2024 10:29 
Check concluded at 08/10/2024 10:29 
Check begun at 08/10/2024 10:39 
Check concluded at 08/10/2024 10:39 
Check begun at 08/10/2024 10:49 
Check concluded at 08/10/2024 10:49 
Check begun at 08/10/2024 10:59 
Check concluded at 08/10/2024 10:59 
Check begun at 08/10/2024 10:09 
Check concluded at 08/10/2024 10:09 
Check begun at 08/10/2024 10:19 
Check concluded at 08/10/2024 10:19 
Check begun at 08/10/2024 10:29 
Check concluded at 08/10/2024 10:29 
Check begun at 08/10/2024 10:39 
Check concluded at 08/10/2024 10:39 
Check begun at 08/10/2024 10:49 
Check concluded at 08/10/2024 10:49 
Check begun at 08/10/2024 10:59 
Check concluded at 08/10/2024 10:59 
Check begun at 08/10/2024 10:09 
Check concluded at 08/10/2024 10:09 
Check begun at 08/10/2024 10:19 
Check concluded at 08/10/2024 10:19 
Check begun at 08/10/2024 10:29 
Check concluded at 08/10/2024 10:29 
Check begun at 08/10/2024 10:39 
Check concluded at 08/10/2024 10:40 
Check begun at 08/10/2024 10:50 
Check concluded at 08/10/2024 10:50 
Check begun at 08/10/2024 10:00 
Check concluded at 08/10/2024 10:00 
Check begun at 08/10/2024 10:10 
Check concluded at 08/10/2024 10:10 
Check begun at 08/10/2024 10:20 
Check concluded at 08/10/2024 10:20 
Check begun at 08/10/2024 10:30 
Check concluded at 08/10/2024 10:30 
Check begun at 08/10/2024 10:40 
Check concluded at 08/10/2024 10:40 
Check begun at 08/10/2024 10:50 
Check concluded at 08/10/2024 10:50 
Check begun at 08/10/2024 10:00 
Check concluded at 08/10/2024 10:00 
Check begun at 08/10/2024 10:10 
Check concluded at 08/10/2024 10:10 
Check begun at 08/10/2024 10:20 
Check concluded at 08/10/2024 10:20 
Check begun at 08/10/2024 10:30 
Check concluded at 08/10/2024 10:30 
Check begun at 08/10/2024 10:40 
Check concluded at 08/10/2024 10:40 
Check begun at 08/10/2024 10:50 
Check concluded at 08/10/2024 10:50 
Check begun at 08/10/2024 10:00 
Check concluded at 08/10/2024 10:00 
Check begun at 08/10/2024 10:10 
Check concluded at 08/10/2024 10:10 
Check begun at 08/10/2024 10:20 
Check concluded at 08/10/2024 10:20 
Check begun at 08/10/2024 10:30 
Check concluded at 08/10/2024 10:31 
Check begun at 08/10/2024 10:41 
Check concluded at 08/10/2024 10:41 
Check begun at 08/10/2024 10:51 
Check concluded at 08/10/2024 10:51 
Check begun at 08/10/2024 10:01 
Check concluded at 08/10/2024 10:01 
Check begun at 08/10/2024 10:11 
Check concluded at 08/10/2024 10:11 
Check begun at 08/10/2024 10:21 
Check concluded at 08/10/2024 10:21 
Check begun at 08/10/2024 10:31 
Check concluded at 08/10/2024 10:31 
Check begun at 08/10/2024 10:41 
Check concluded at 08/10/2024 10:41 
Check begun at 08/10/2024 10:51 
Check concluded at 08/10/2024 10:51 
Check begun at 08/10/2024 10:01 
Check concluded at 08/10/2024 10:01 
Check begun at 08/10/2024 10:11 
Check concluded at 08/10/2024 10:11 
Check begun at 08/10/2024 10:21 
Check concluded at 08/10/2024 10:21 
Check begun at 08/10/2024 10:31 
Check concluded at 08/10/2024 10:31 
Check begun at 08/10/2024 10:41 
Check concluded at 08/10/2024 10:41 
Check begun at 08/10/2024 10:51 
Check concluded at 08/10/2024 10:51 
Check begun at 08/10/2024 10:01 
Check concluded at 08/10/2024 10:01 
Check begun at 08/10/2024 10:11 
Check concluded at 08/10/2024 10:11 
Check begun at 08/10/2024 10:22 
Check concluded at 08/10/2024 10:22 
Check begun at 08/10/2024 10:32 
Check concluded at 08/10/2024 10:32 
Check begun at 08/10/2024 10:42 
Check concluded at 08/10/2024 10:42 
Check begun at 08/10/2024 10:52 
Check concluded at 08/10/2024 10:52 
Check begun at 08/10/2024 10:02 
Check concluded at 08/10/2024 10:02 
Check begun at 08/10/2024 10:12 
Check concluded at 08/10/2024 10:12 
Check begun at 08/10/2024 10:22 
Check concluded at 08/10/2024 10:22 
Check begun at 08/10/2024 10:32 
Check concluded at 08/10/2024 10:32 
Check begun at 08/10/2024 10:42 
Check concluded at 08/10/2024 10:42 
Check begun at 08/10/2024 10:52 
Check concluded at 08/10/2024 10:52 
Check begun at 08/10/2024 10:02 
Check concluded at 08/10/2024 10:02 
Check begun at 08/10/2024 10:12 
Check concluded at 08/10/2024 10:12 
Check begun at 08/10/2024 10:22 
Check concluded at 08/10/2024 10:22 
Check begun at 08/10/2024 10:32 
Check concluded at 08/10/2024 10:32 
Check begun at 08/10/2024 10:42 
Check concluded at 08/10/2024 10:42 
Check begun at 08/10/2024 10:52 
Check concluded at 08/10/2024 10:52 
Check begun at 08/10/2024 10:02 
Check concluded at 08/10/2024 10:03 
Check begun at 08/10/2024 10:13 
Check concluded at 08/10/2024 10:13 
Check begun at 08/10/2024 10:23 
Check concluded at 08/10/2024 10:23 
Check begun at 08/10/2024 10:33 
Check concluded at 08/10/2024 10:33 
Check begun at 08/10/2024 10:43 
Check concluded at 08/10/2024 10:43 
Check begun at 08/10/2024 10:53 
Check concluded at 08/10/2024 10:53 
Check begun at 08/10/2024 10:03 
Check concluded at 08/10/2024 10:03 
Check begun at 08/10/2024 10:13 
Check concluded at 08/10/2024 10:13 
Check begun at 08/10/2024 10:23 
Check concluded at 08/10/2024 10:23 
Check begun at 08/10/2024 10:33 
Check concluded at 08/10/2024 10:33 
Check begun at 08/10/2024 10:43 
Check concluded at 08/10/2024 10:43 
Check begun at 08/10/2024 10:53 
Check concluded at 08/10/2024 10:53 
Check begun at 08/10/2024 10:03 
Check concluded at 08/10/2024 10:03 
Check begun at 08/10/2024 10:13 
Check concluded at 08/10/2024 10:13 
Check begun at 08/10/2024 10:23 
Check concluded at 08/10/2024 10:23 
Check begun at 08/10/2024 10:33 
Check concluded at 08/10/2024 10:33 
Check begun at 08/10/2024 10:43 
Check concluded at 08/10/2024 10:44 
Check begun at 08/10/2024 10:54 
Check concluded at 08/10/2024 10:54 
Check begun at 08/10/2024 10:04 
Check concluded at 08/10/2024 10:04 
Check begun at 08/10/2024 10:14 
Check concluded at 08/10/2024 10:14 
Check begun at 08/10/2024 10:24 
Check concluded at 08/10/2024 10:24 
Check begun at 08/10/2024 10:34 
Check concluded at 08/10/2024 10:34 
Check begun at 08/10/2024 10:44 
Check concluded at 08/10/2024 10:44 
Check begun at 08/10/2024 10:54 
Check concluded at 08/10/2024 10:54 
Check begun at 08/10/2024 10:04 
Check concluded at 08/10/2024 10:04 
Check begun at 08/10/2024 10:14 
Check concluded at 08/10/2024 10:14 
Check begun at 08/10/2024 10:24 
Check concluded at 08/10/2024 10:24 
Check begun at 08/10/2024 10:34 
Check concluded at 08/10/2024 10:34 
Check begun at 08/10/2024 10:44 
Check concluded at 08/10/2024 10:44 
Check begun at 08/10/2024 10:54 
Check concluded at 08/10/2024 10:54 
Check begun at 08/10/2024 10:04 
Check concluded at 08/10/2024 10:04 
Check begun at 08/10/2024 10:14 
Check concluded at 08/10/2024 10:14 
Check begun at 08/10/2024 10:24 
Check concluded at 08/10/2024 10:25 
Check begun at 08/10/2024 10:35 
Check concluded at 08/10/2024 10:35 
Check begun at 08/10/2024 10:45 
Check concluded at 08/10/2024 10:45 
Check begun at 08/10/2024 10:55 
Check concluded at 08/10/2024 10:55 
Check begun at 08/10/2024 10:05 
Check concluded at 08/10/2024 10:05 
Check begun at 08/10/2024 10:15 
Check concluded at 08/10/2024 10:15 
Check begun at 08/10/2024 10:25 
Check concluded at 08/10/2024 10:25 
Check begun at 08/10/2024 10:35 
Check concluded at 08/10/2024 10:35 
Check begun at 08/10/2024 10:45 
Check concluded at 08/10/2024 10:45 
Check begun at 08/10/2024 10:55 
Check concluded at 08/10/2024 10:55 
Check begun at 08/10/2024 10:05 
Check concluded at 08/10/2024 10:05 
Check begun at 08/10/2024 10:15 
Check concluded at 08/10/2024 10:15 
Check begun at 08/10/2024 10:25 
Check concluded at 08/10/2024 10:25 
Check begun at 08/10/2024 10:35 
Check concluded at 08/10/2024 10:35 
Check begun at 08/10/2024 10:45 
Check concluded at 08/10/2024 10:45 
Check begun at 08/10/2024 10:55 
Check concluded at 08/10/2024 10:55 
Check begun at 08/10/2024 10:05 
Check concluded at 08/10/2024 10:05 
Check begun at 08/10/2024 10:15 
Check concluded at 08/10/2024 10:16 
Check begun at 08/10/2024 10:26 
Check concluded at 08/10/2024 10:26 
Check begun at 08/10/2024 10:36 
Check concluded at 08/10/2024 10:36 
Check begun at 08/10/2024 10:46 
Check concluded at 08/10/2024 10:46 
Check begun at 08/10/2024 10:56 
Check concluded at 08/10/2024 10:56 
Check begun at 08/10/2024 10:06 
Check concluded at 08/10/2024 10:06 
Check begun at 08/10/2024 10:16 
Check concluded at 08/10/2024 10:16 
Check begun at 08/10/2024 10:26 
Check concluded at 08/10/2024 10:26 
Check begun at 08/10/2024 10:36 
Check concluded at 08/10/2024 10:36 
Check begun at 08/10/2024 10:46 
Check concluded at 08/10/2024 10:46 
Check begun at 08/10/2024 10:56 
Check concluded at 08/10/2024 10:56 
Check begun at 08/10/2024 10:06 
Check concluded at 08/10/2024 10:06 
Check begun at 08/10/2024 10:16 
Check concluded at 08/10/2024 10:16 
Check begun at 08/10/2024 10:26 
Check concluded at 08/10/2024 10:26 
Check begun at 08/10/2024 10:36 
Check concluded at 08/10/2024 10:36 
Check begun at 08/10/2024 10:46 
Check concluded at 08/10/2024 10:46 
Check begun at 08/10/2024 10:57 
Check concluded at 08/10/2024 10:57 
Check begun at 08/10/2024 10:07 
Check concluded at 08/10/2024 10:07 
Check begun at 08/10/2024 10:17 
Check concluded at 08/10/2024 10:17 
Check begun at 08/10/2024 10:27 
Check concluded at 08/10/2024 10:27 
Check begun at 08/10/2024 10:37 
Check concluded at 08/10/2024 10:37 
Check begun at 08/10/2024 10:47 
Check concluded at 08/10/2024 10:47 
Check begun at 08/10/2024 10:57 
Check concluded at 08/10/2024 10:57 
Check begun at 08/10/2024 10:07 
Check concluded at 08/10/2024 10:07 
Check begun at 08/10/2024 10:17 
Check concluded at 08/10/2024 10:17 
Check begun at 08/10/2024 10:27 
Check concluded at 08/10/2024 10:27 
Check begun at 08/10/2024 10:37 
Check concluded at 08/10/2024 10:37 
Check begun at 08/10/2024 10:47 
Check concluded at 08/10/2024 10:47 
Check begun at 08/10/2024 10:57 
Check concluded at 08/10/2024 10:57 
Check begun at 08/10/2024 10:07 
Check concluded at 08/10/2024 10:07 
Check begun at 08/10/2024 10:17 
Check concluded at 08/10/2024 10:17 
Check begun at 08/10/2024 10:27 
Check concluded at 08/10/2024 10:27 
Check begun at 08/10/2024 10:37 
Check concluded at 08/10/2024 10:37 
Check begun at 08/10/2024 10:47 
Check concluded at 08/10/2024 10:47 
Check begun at 08/10/2024 10:58 
Check concluded at 08/10/2024 10:58 
Check begun at 08/10/2024 10:08 
Check concluded at 08/10/2024 10:08 
Check begun at 08/10/2024 10:18 
Check concluded at 08/10/2024 10:18 
Check begun at 08/10/2024 10:28 
Check concluded at 08/10/2024 10:28 
Check begun at 08/10/2024 10:38 
Check concluded at 08/10/2024 10:38 
Check begun at 08/10/2024 10:48 
Check concluded at 08/10/2024 10:48 
Check begun at 08/10/2024 10:58 
Check concluded at 08/10/2024 10:58 
Check begun at 08/10/2024 10:08 
Check concluded at 08/10/2024 10:08 
Check begun at 08/10/2024 10:18 
Check concluded at 08/10/2024 10:18 
Check begun at 08/10/2024 10:28 
Check concluded at 08/10/2024 10:28 
Check begun at 08/10/2024 10:38 
Check concluded at 08/10/2024 10:38 
Check begun at 08/10/2024 10:48 
Check concluded at 08/10/2024 10:48 
Check begun at 08/10/2024 10:58 
Check concluded at 08/10/2024 10:58 
Check begun at 08/10/2024 11:08 
Check concluded at 08/10/2024 11:08 
Check begun at 08/10/2024 11:18 
Check concluded at 08/10/2024 11:18 
Check begun at 08/10/2024 11:28 
Check concluded at 08/10/2024 11:28 
Check begun at 08/10/2024 11:38 
Check concluded at 08/10/2024 11:38 
Check begun at 08/10/2024 11:48 
Check concluded at 08/10/2024 11:49 
Check begun at 08/10/2024 11:59 
Check concluded at 08/10/2024 11:59 
Check begun at 08/10/2024 11:09 
Check concluded at 08/10/2024 11:09 
Check begun at 08/10/2024 11:19 
Check concluded at 08/10/2024 11:19 
Check begun at 08/10/2024 11:29 
Check concluded at 08/10/2024 11:29 
Check begun at 08/10/2024 11:39 
Check concluded at 08/10/2024 11:39 
Check begun at 08/10/2024 11:49 
Check concluded at 08/10/2024 11:49 
Check begun at 08/10/2024 11:59 
Check concluded at 08/10/2024 11:59 
Check begun at 08/10/2024 11:09 
Check concluded at 08/10/2024 11:09 
Check begun at 08/10/2024 11:19 
Check concluded at 08/10/2024 11:19 
Check begun at 08/10/2024 11:29 
Check concluded at 08/10/2024 11:29 
Check begun at 08/10/2024 11:39 
Check concluded at 08/10/2024 11:39 
Check begun at 08/10/2024 11:49 
Check concluded at 08/10/2024 11:49 
Check begun at 08/10/2024 11:59 
Check concluded at 08/10/2024 11:59 
Check begun at 08/10/2024 11:09 
Check concluded at 08/10/2024 11:09 
Check begun at 08/10/2024 11:19 
Check concluded at 08/10/2024 11:19 
Check begun at 08/10/2024 11:29 
Check concluded at 08/10/2024 11:29 
Check begun at 08/10/2024 11:39 
Check concluded at 08/10/2024 11:40 
Check begun at 08/10/2024 11:50 
Check concluded at 08/10/2024 11:50 
Check begun at 08/10/2024 11:00 
Check concluded at 08/10/2024 11:00 
Check begun at 08/10/2024 11:10 
Check concluded at 08/10/2024 11:10 
Check begun at 08/10/2024 11:20 
Check concluded at 08/10/2024 11:20 
Check begun at 08/10/2024 11:30 
Check concluded at 08/10/2024 11:30 
Check begun at 08/10/2024 11:40 
Check concluded at 08/10/2024 11:40 
Check begun at 08/10/2024 11:50 
Check concluded at 08/10/2024 11:50 
Check begun at 08/10/2024 11:00 
Check concluded at 08/10/2024 11:00 
Check begun at 08/10/2024 11:10 
Check concluded at 08/10/2024 11:10 
Check begun at 08/10/2024 11:20 
Check concluded at 08/10/2024 11:20 
Check begun at 08/10/2024 11:30 
Check concluded at 08/10/2024 11:30 
Check begun at 08/10/2024 11:40 
Check concluded at 08/10/2024 11:40 
Check begun at 08/10/2024 11:50 
Check concluded at 08/10/2024 11:50 
Check begun at 08/10/2024 11:00 
Check concluded at 08/10/2024 11:00 
Check begun at 08/10/2024 11:10 
Check concluded at 08/10/2024 11:10 
Check begun at 08/10/2024 11:20 
Check concluded at 08/10/2024 11:20 
Check begun at 08/10/2024 11:30 
Check concluded at 08/10/2024 11:31 
Check begun at 08/10/2024 11:41 
Check concluded at 08/10/2024 11:41 
Check begun at 08/10/2024 11:51 
Check concluded at 08/10/2024 11:51 
Check begun at 08/10/2024 11:01 
Check concluded at 08/10/2024 11:01 
Check begun at 08/10/2024 11:11 
Check concluded at 08/10/2024 11:11 
Check begun at 08/10/2024 11:21 
Check concluded at 08/10/2024 11:21 
Check begun at 08/10/2024 11:31 
Check concluded at 08/10/2024 11:31 
Check begun at 08/10/2024 11:41 
Check concluded at 08/10/2024 11:41 
Check begun at 08/10/2024 11:51 
Check concluded at 08/10/2024 11:51 
Check begun at 08/10/2024 11:01 
Check concluded at 08/10/2024 11:01 
Check begun at 08/10/2024 11:11 
Check concluded at 08/10/2024 11:11 
Check begun at 08/10/2024 11:21 
Check concluded at 08/10/2024 11:21 
Check begun at 08/10/2024 11:31 
Check concluded at 08/10/2024 11:31 
Check begun at 08/10/2024 11:41 
Check concluded at 08/10/2024 11:41 
Check begun at 08/10/2024 11:51 
Check concluded at 08/10/2024 11:51 
Check begun at 08/10/2024 11:01 
Check concluded at 08/10/2024 11:01 
Check begun at 08/10/2024 11:11 
Check concluded at 08/10/2024 11:11 
Check begun at 08/10/2024 11:21 
Check concluded at 08/10/2024 11:22 
Check begun at 08/10/2024 11:32 
Check concluded at 08/10/2024 11:32 
Check begun at 08/10/2024 11:42 
Check concluded at 08/10/2024 11:42 
Check begun at 08/10/2024 11:52 
Check concluded at 08/10/2024 11:52 
Check begun at 08/10/2024 11:02 
Check concluded at 08/10/2024 11:02 
Check begun at 08/10/2024 11:12 
Check concluded at 08/10/2024 11:12 
Check begun at 08/10/2024 11:22 
Check concluded at 08/10/2024 11:22 
Check begun at 08/10/2024 11:32 
Check concluded at 08/10/2024 11:32 
Check begun at 08/10/2024 11:42 
Check concluded at 08/10/2024 11:42 
Check begun at 08/10/2024 11:52 
Check concluded at 08/10/2024 11:52 
Check begun at 08/10/2024 11:02 
Check concluded at 08/10/2024 11:02 
Check begun at 08/10/2024 11:12 
Check concluded at 08/10/2024 11:12 
Check begun at 08/10/2024 11:22 
Check concluded at 08/10/2024 11:22 
Check begun at 08/10/2024 11:32 
Check concluded at 08/10/2024 11:32 
Check begun at 08/10/2024 11:42 
Check concluded at 08/10/2024 11:42 
Check begun at 08/10/2024 11:52 
Check concluded at 08/10/2024 11:52 
Check begun at 08/10/2024 11:03 
Check concluded at 08/10/2024 11:03 
Check begun at 08/10/2024 11:13 
Check concluded at 08/10/2024 11:13 
Check begun at 08/10/2024 11:23 
Check concluded at 08/10/2024 11:23 
Check begun at 08/10/2024 11:33 
Check concluded at 08/10/2024 11:33 
Check begun at 08/10/2024 11:43 
Check concluded at 08/10/2024 11:43 
Check begun at 08/10/2024 11:53 
Check concluded at 08/10/2024 11:53 
Check begun at 08/10/2024 11:03 
Check concluded at 08/10/2024 11:03 
Check begun at 08/10/2024 11:13 
Check concluded at 08/10/2024 11:13 
Check begun at 08/10/2024 11:23 
Check concluded at 08/10/2024 11:23 
Check begun at 08/10/2024 11:33 
Check concluded at 08/10/2024 11:33 
Check begun at 08/10/2024 11:44 
Check concluded at 08/10/2024 11:44 
Check begun at 08/10/2024 11:54 
Check concluded at 08/10/2024 11:54 
Check begun at 08/10/2024 11:04 
Check concluded at 08/10/2024 11:04 
Check begun at 08/10/2024 11:14 
Check concluded at 08/10/2024 11:14 
Check begun at 08/10/2024 11:24 
Check concluded at 08/10/2024 11:24 
Check begun at 08/10/2024 11:34 
Check concluded at 08/10/2024 11:34 
Check begun at 08/10/2024 11:44 
Check concluded at 08/10/2024 11:44 
Check begun at 08/10/2024 11:54 
Check concluded at 08/10/2024 11:54 
Check begun at 08/10/2024 11:04 
Check concluded at 08/10/2024 11:04 
Check begun at 08/10/2024 11:14 
Check concluded at 08/10/2024 11:14 
Check begun at 08/10/2024 11:24 
Check concluded at 08/10/2024 11:24 
Check begun at 08/10/2024 11:34 
Check concluded at 08/10/2024 11:34 
Check begun at 08/10/2024 11:44 
Check concluded at 08/10/2024 11:44 
Check begun at 08/10/2024 11:54 
Check concluded at 08/10/2024 11:54 
Check begun at 08/10/2024 11:05 
Check concluded at 08/10/2024 11:05 
Check begun at 08/10/2024 11:15 
Check concluded at 08/10/2024 11:15 
Check begun at 08/10/2024 11:25 
Check concluded at 08/10/2024 11:25 
Check begun at 08/10/2024 11:35 
Check concluded at 08/10/2024 11:35 
Check begun at 08/10/2024 11:45 
Check concluded at 08/10/2024 11:45 
Check begun at 08/10/2024 11:55 
Check concluded at 08/10/2024 11:55 
Check begun at 08/10/2024 11:05 
Check concluded at 08/10/2024 11:05 
Check begun at 08/10/2024 11:15 
Check concluded at 08/10/2024 11:15 
Check begun at 08/10/2024 11:25 
Check concluded at 08/10/2024 11:25 
Check begun at 08/10/2024 11:35 
Check concluded at 08/10/2024 11:35 
Check begun at 08/10/2024 11:45 
Check concluded at 08/10/2024 11:45 
Check begun at 08/10/2024 11:55 
Check concluded at 08/10/2024 11:56 
Check begun at 08/10/2024 11:06 
Check concluded at 08/10/2024 11:06 
Check begun at 08/10/2024 11:16 
Check concluded at 08/10/2024 11:16 
Check begun at 08/10/2024 11:26 
Check concluded at 08/10/2024 11:26 
Check begun at 08/10/2024 11:36 
Check concluded at 08/10/2024 11:36 
Check begun at 08/10/2024 11:46 
Check concluded at 08/10/2024 11:46 
Check begun at 08/10/2024 11:56 
Check concluded at 08/10/2024 11:56 
Check begun at 08/10/2024 11:06 
Check concluded at 08/10/2024 11:06 
Check begun at 08/10/2024 11:16 
Check concluded at 08/10/2024 11:16 
Check begun at 08/10/2024 11:26 
Check concluded at 08/10/2024 11:26 
Check begun at 08/10/2024 11:36 
Check concluded at 08/10/2024 11:36 
Check begun at 08/10/2024 11:46 
Check concluded at 08/10/2024 11:46 
Check begun at 08/10/2024 11:56 
Check concluded at 08/10/2024 11:57 
Check begun at 08/10/2024 11:07 
Check concluded at 08/10/2024 11:07 
Check begun at 08/10/2024 11:17 
Check concluded at 08/10/2024 11:17 
Check begun at 08/10/2024 11:27 
Check concluded at 08/10/2024 11:27 
Check begun at 08/10/2024 11:37 
Check concluded at 08/10/2024 11:37 
Check begun at 08/10/2024 11:47 
Check concluded at 08/10/2024 11:47 
Check begun at 08/10/2024 11:57 
Check concluded at 08/10/2024 11:57 
Check begun at 08/10/2024 11:07 
Check concluded at 08/10/2024 11:07 
Check begun at 08/10/2024 11:17 
Check concluded at 08/10/2024 11:17 
Check begun at 08/10/2024 11:27 
Check concluded at 08/10/2024 11:27 
Check begun at 08/10/2024 11:37 
Check concluded at 08/10/2024 11:37 
Check begun at 08/10/2024 11:47 
Check concluded at 08/10/2024 11:47 
Check begun at 08/10/2024 11:58 
Check concluded at 08/10/2024 11:58 
Check begun at 08/10/2024 11:08 
Check concluded at 08/10/2024 11:08 
Check begun at 08/10/2024 11:18 
Check concluded at 08/10/2024 11:18 
Check begun at 08/10/2024 11:28 
Check concluded at 08/10/2024 11:28 
Check begun at 08/10/2024 11:38 
Check concluded at 08/10/2024 11:38 
Check begun at 08/10/2024 11:48 
Check concluded at 08/10/2024 11:48 
Check begun at 08/10/2024 11:58 
Check concluded at 08/10/2024 11:58 
Check begun at 08/10/2024 11:08 
Check concluded at 08/10/2024 11:08 
Check begun at 08/10/2024 11:18 
Check concluded at 08/10/2024 11:18 
Check begun at 08/10/2024 11:28 
Check concluded at 08/10/2024 11:28 
Check begun at 08/10/2024 11:38 
Check concluded at 08/10/2024 11:38 
Check begun at 08/10/2024 11:48 
Check concluded at 08/10/2024 11:49 
Check begun at 08/10/2024 11:59 
Check concluded at 08/10/2024 11:59 
Check begun at 08/10/2024 11:09 
Check concluded at 08/10/2024 11:09 
Check begun at 08/10/2024 11:19 
Check concluded at 08/10/2024 11:19 
Check begun at 08/10/2024 11:29 
Check concluded at 08/10/2024 11:29 
Check begun at 08/10/2024 11:39 
Check concluded at 08/10/2024 11:39 
Check begun at 08/10/2024 11:49 
Check concluded at 08/10/2024 11:49 
Check begun at 08/10/2024 11:59 
Check concluded at 08/10/2024 11:59 
Check begun at 08/10/2024 11:09 
Check concluded at 08/10/2024 11:09 
Check begun at 08/10/2024 11:19 
Check concluded at 08/10/2024 11:19 
Check begun at 08/10/2024 11:29 
Check concluded at 08/10/2024 11:29 
Check begun at 08/10/2024 11:39 
Check concluded at 08/10/2024 11:39 
Check begun at 08/10/2024 11:49 
Check concluded at 08/10/2024 11:50 
Check begun at 08/10/2024 11:00 
Check concluded at 08/10/2024 11:00 
Check begun at 08/10/2024 11:10 
Check concluded at 08/10/2024 11:10 
Check begun at 08/10/2024 11:20 
Check concluded at 08/10/2024 11:20 
Check begun at 08/10/2024 11:30 
Check concluded at 08/10/2024 11:30 
Check begun at 08/10/2024 11:40 
Check concluded at 08/10/2024 11:40 
Check begun at 08/10/2024 11:50 
Check concluded at 08/10/2024 11:50 
Check begun at 08/10/2024 11:00 
Check concluded at 08/10/2024 11:00 
Check begun at 08/10/2024 11:10 
Check concluded at 08/10/2024 11:10 
Check begun at 08/10/2024 11:20 
Check concluded at 08/10/2024 11:20 
Check begun at 08/10/2024 11:30 
Check concluded at 08/10/2024 11:30 
Check begun at 08/10/2024 11:40 
Check concluded at 08/10/2024 11:40 
Check begun at 08/10/2024 11:50 
Check concluded at 08/10/2024 11:51 
Check begun at 08/10/2024 11:01 
Check concluded at 08/10/2024 11:01 
Check begun at 08/10/2024 11:11 
Check concluded at 08/10/2024 11:11 
Check begun at 08/10/2024 11:21 
Check concluded at 08/10/2024 11:21 
Check begun at 08/10/2024 11:31 
Check concluded at 08/10/2024 11:31 
Check begun at 08/10/2024 11:41 
Check concluded at 08/10/2024 11:41 
Check begun at 08/10/2024 11:51 
Check concluded at 08/10/2024 11:51 
Check begun at 08/10/2024 11:01 
Check concluded at 08/10/2024 11:01 
Check begun at 08/10/2024 11:11 
Check concluded at 08/10/2024 11:11 
Check begun at 08/10/2024 11:21 
Check concluded at 08/10/2024 11:21 
Check begun at 08/10/2024 11:31 
Check concluded at 08/10/2024 11:31 
Check begun at 08/10/2024 11:41 
Check concluded at 08/10/2024 11:42 
Check begun at 08/10/2024 11:52 
Check concluded at 08/10/2024 11:52 
Check begun at 08/10/2024 11:02 
Check concluded at 08/10/2024 11:02 
Check begun at 08/10/2024 11:12 
Check concluded at 08/10/2024 11:12 
Check begun at 08/10/2024 11:22 
Check concluded at 08/10/2024 11:22 
Check begun at 08/10/2024 11:32 
Check concluded at 08/10/2024 11:32 
Check begun at 08/10/2024 11:42 
Check concluded at 08/10/2024 11:42 
Check begun at 08/10/2024 11:52 
Check concluded at 08/10/2024 11:52 
Check begun at 08/10/2024 11:02 
Check concluded at 08/10/2024 11:02 
Check begun at 08/10/2024 11:12 
Check concluded at 08/10/2024 11:12 
Check begun at 08/10/2024 11:22 
Check concluded at 08/10/2024 11:22 
Check begun at 08/10/2024 11:32 
Check concluded at 08/10/2024 11:33 
Check begun at 08/10/2024 11:43 
Check concluded at 08/10/2024 11:43 
Check begun at 08/10/2024 11:53 
Check concluded at 08/10/2024 11:53 
Check begun at 08/10/2024 11:03 
Check concluded at 08/10/2024 11:03 
Check begun at 08/10/2024 11:13 
Check concluded at 08/10/2024 11:13 
Check begun at 08/10/2024 11:23 
Check concluded at 08/10/2024 11:23 
Check begun at 08/10/2024 11:33 
Check concluded at 08/10/2024 11:33 
Check begun at 08/10/2024 11:43 
Check concluded at 08/10/2024 11:43 
Check begun at 08/10/2024 11:53 
Check concluded at 08/10/2024 11:53 
Check begun at 08/10/2024 11:03 
Check concluded at 08/10/2024 11:03 
Check begun at 08/10/2024 11:13 
Check concluded at 08/10/2024 11:13 
Check begun at 08/10/2024 11:23 
Check concluded at 08/10/2024 11:23 
Check begun at 08/10/2024 11:33 
Check concluded at 08/10/2024 11:33 
Check begun at 08/10/2024 11:44 
Check concluded at 08/10/2024 11:44 
Check begun at 08/10/2024 11:54 
Check concluded at 08/10/2024 11:54 
Check begun at 08/10/2024 11:04 
Check concluded at 08/10/2024 11:04 
Check begun at 08/10/2024 11:14 
Check concluded at 08/10/2024 11:14 
Check begun at 08/10/2024 11:24 
Check concluded at 08/10/2024 11:24 
Check begun at 08/10/2024 11:34 
Check concluded at 08/10/2024 11:34 
Check begun at 08/10/2024 11:44 
Check concluded at 08/10/2024 11:44 
Check begun at 08/10/2024 11:54 
Check concluded at 08/10/2024 11:54 
Check begun at 08/10/2024 11:04 
Check concluded at 08/10/2024 11:04 
Check begun at 08/10/2024 11:14 
Check concluded at 08/10/2024 11:14 
Check begun at 08/10/2024 11:24 
Check concluded at 08/10/2024 11:24 
Check begun at 08/10/2024 11:34 
Check concluded at 08/10/2024 11:35 
Check begun at 08/10/2024 11:45 
Check concluded at 08/10/2024 11:45 
Check begun at 08/10/2024 11:55 
Check concluded at 08/10/2024 11:55 
Check begun at 08/10/2024 11:05 
Check concluded at 08/10/2024 11:05 
Check begun at 08/10/2024 11:15 
Check concluded at 08/10/2024 11:15 
Check begun at 08/10/2024 11:25 
Check concluded at 08/10/2024 11:25 
Check begun at 08/10/2024 11:35 
Check concluded at 08/10/2024 11:35 
Check begun at 08/10/2024 11:45 
Check concluded at 08/10/2024 11:45 
Check begun at 08/10/2024 11:55 
Check concluded at 08/10/2024 11:55 
Check begun at 08/10/2024 11:05 
Check concluded at 08/10/2024 11:05 
Check begun at 08/10/2024 11:15 
Check concluded at 08/10/2024 11:16 
Check begun at 08/10/2024 11:26 
Check concluded at 08/10/2024 11:26 
Check begun at 08/10/2024 11:36 
Check concluded at 08/10/2024 11:36 
Check begun at 08/10/2024 11:46 
Check concluded at 08/10/2024 11:46 
Check begun at 08/10/2024 11:56 
Check concluded at 08/10/2024 11:56 
Check begun at 08/10/2024 11:06 
Check concluded at 08/10/2024 11:06 
Check begun at 08/10/2024 11:16 
Check concluded at 08/10/2024 11:16 
Check begun at 08/10/2024 11:26 
Check concluded at 08/10/2024 11:26 
Check begun at 08/10/2024 11:36 
Check concluded at 08/10/2024 11:36 
Check begun at 08/10/2024 11:46 
Check concluded at 08/10/2024 11:46 
Check begun at 08/10/2024 11:56 
Check concluded at 08/10/2024 11:56 
Check begun at 08/10/2024 11:06 
Check concluded at 08/10/2024 11:06 
Check begun at 08/10/2024 11:17 
Check concluded at 08/10/2024 11:17 
Check begun at 08/10/2024 11:27 
Check concluded at 08/10/2024 11:27 
Check begun at 08/10/2024 11:37 
Check concluded at 08/10/2024 11:37 
Check begun at 08/10/2024 11:47 
Check concluded at 08/10/2024 11:47 
Check begun at 08/10/2024 11:57 
Check concluded at 08/10/2024 11:57 
Check begun at 08/10/2024 11:07 
Check concluded at 08/10/2024 11:07 
Check begun at 08/10/2024 11:17 
Check concluded at 08/10/2024 11:17 
Check begun at 08/10/2024 11:27 
Check concluded at 08/10/2024 11:27 
Check begun at 08/10/2024 11:37 
Check concluded at 08/10/2024 11:37 
Check begun at 08/10/2024 11:47 
Check concluded at 08/10/2024 11:47 
Check begun at 08/10/2024 11:57 
Check concluded at 08/10/2024 11:57 
Check begun at 08/10/2024 11:07 
Check concluded at 08/10/2024 11:08 
Check begun at 08/10/2024 11:18 
Check concluded at 08/10/2024 11:18 
Check begun at 08/10/2024 11:28 
Check concluded at 08/10/2024 11:28 
Check begun at 08/10/2024 11:38 
Check concluded at 08/10/2024 11:38 
Check begun at 08/10/2024 11:48 
Check concluded at 08/10/2024 11:48 
Check begun at 08/10/2024 11:58 
Check concluded at 08/10/2024 11:58 
Check begun at 08/10/2024 11:08 
Check concluded at 08/10/2024 11:08 
Check begun at 08/10/2024 11:18 
Check concluded at 08/10/2024 11:18 
Check begun at 08/10/2024 11:28 
Check concluded at 08/10/2024 11:28 
Check begun at 08/10/2024 11:38 
Check concluded at 08/10/2024 11:38 
Check begun at 08/10/2024 11:48 
Check concluded at 08/10/2024 11:48 
Check begun at 08/10/2024 11:58 
Check concluded at 08/10/2024 11:59 
Check begun at 08/10/2024 11:09 
Check concluded at 08/10/2024 11:09 
Check begun at 08/10/2024 11:19 
Check concluded at 08/10/2024 11:19 
Check begun at 08/10/2024 11:29 
Check concluded at 08/10/2024 11:29 
Check begun at 08/10/2024 11:39 
Check concluded at 08/10/2024 11:39 
Check begun at 08/10/2024 11:49 
Check concluded at 08/10/2024 11:49 
Check begun at 08/10/2024 11:59 
Check concluded at 08/10/2024 11:59 
Check begun at 08/10/2024 11:09 
Check concluded at 08/10/2024 11:09 
Check begun at 08/10/2024 11:19 
Check concluded at 08/10/2024 11:19 
Check begun at 08/10/2024 11:29 
Check concluded at 08/10/2024 11:29 
Check begun at 08/10/2024 11:39 
Check concluded at 08/10/2024 11:39 
Check begun at 08/10/2024 11:49 
Check concluded at 08/10/2024 11:49 
Check begun at 08/10/2024 11:59 
Check concluded at 08/10/2024 11:00 
Check begun at 08/10/2024 11:10 
Check concluded at 08/10/2024 11:10 
Check begun at 08/10/2024 11:20 
Check concluded at 08/10/2024 11:20 
Check begun at 08/10/2024 11:30 
Check concluded at 08/10/2024 11:30 
Check begun at 08/10/2024 11:40 
Check concluded at 08/10/2024 11:40 
Check begun at 08/10/2024 11:50 
Check concluded at 08/10/2024 11:50 
Check begun at 08/10/2024 11:00 
Check concluded at 08/10/2024 11:00 
Check begun at 08/10/2024 11:10 
Check concluded at 08/10/2024 11:10 
Check begun at 08/10/2024 11:20 
Check concluded at 08/10/2024 11:20 
Check begun at 08/10/2024 11:30 
Check concluded at 08/10/2024 11:30 
Check begun at 08/10/2024 11:40 
Check concluded at 08/10/2024 11:40 
Check begun at 08/10/2024 11:50 
Check concluded at 08/10/2024 11:50 
Check begun at 08/10/2024 11:00 
Check concluded at 08/10/2024 11:01 
Check begun at 08/10/2024 11:11 
Check concluded at 08/10/2024 11:11 
Check begun at 08/10/2024 11:21 
Check concluded at 08/10/2024 11:21 
Check begun at 08/10/2024 11:31 
Check concluded at 08/10/2024 11:31 
Check begun at 08/10/2024 11:41 
Check concluded at 08/10/2024 11:41 
Check begun at 08/10/2024 11:51 
Check concluded at 08/10/2024 11:51 
Check begun at 08/10/2024 11:01 
Check concluded at 08/10/2024 11:01 
Check begun at 08/10/2024 11:11 
Check concluded at 08/10/2024 11:11 
Check begun at 08/10/2024 11:21 
Check concluded at 08/10/2024 11:21 
Check begun at 08/10/2024 11:31 
Check concluded at 08/10/2024 11:31 
Check begun at 08/10/2024 11:41 
Check concluded at 08/10/2024 11:41 
Check begun at 08/10/2024 11:51 
Check concluded at 08/10/2024 11:52 
Check begun at 08/10/2024 11:02 
Check concluded at 08/10/2024 11:02 
Check begun at 08/10/2024 11:12 
Check concluded at 08/10/2024 11:12 
Check begun at 08/10/2024 11:22 
Check concluded at 08/10/2024 11:22 
Check begun at 08/10/2024 11:32 
Check concluded at 08/10/2024 11:32 
Check begun at 08/10/2024 11:42 
Check concluded at 08/10/2024 11:42 
Check begun at 08/10/2024 11:52 
Check concluded at 08/10/2024 11:52 
Check begun at 08/10/2024 11:02 
Check concluded at 08/10/2024 11:02 
Check begun at 08/10/2024 11:12 
Check concluded at 08/10/2024 11:12 
Check begun at 08/10/2024 11:22 
Check concluded at 08/10/2024 11:22 
Check begun at 08/10/2024 11:32 
Check concluded at 08/10/2024 11:33 
Check begun at 08/10/2024 11:43 
Check concluded at 08/10/2024 11:43 
Check begun at 08/10/2024 11:53 
Check concluded at 08/10/2024 11:53 
Check begun at 08/10/2024 11:03 
Check concluded at 08/10/2024 11:03 
Check begun at 08/10/2024 11:13 
Check concluded at 08/10/2024 11:13 
Check begun at 08/10/2024 11:23 
Check concluded at 08/10/2024 11:23 
Check begun at 08/10/2024 11:33 
Check concluded at 08/10/2024 11:33 
Check begun at 08/10/2024 11:43 
Check concluded at 08/10/2024 11:43 
Check begun at 08/10/2024 11:53 
Check concluded at 08/10/2024 11:53 
Check begun at 08/10/2024 11:03 
Check concluded at 08/10/2024 11:03 
Check begun at 08/10/2024 11:13 
Check concluded at 08/10/2024 11:13 
Check begun at 08/10/2024 11:23 
Check concluded at 08/10/2024 11:23 
Check begun at 08/10/2024 11:34 
Check concluded at 08/10/2024 11:34 
Check begun at 08/10/2024 11:44 
Check concluded at 08/10/2024 11:44 
Check begun at 08/10/2024 11:54 
Check concluded at 08/10/2024 11:54 
Check begun at 08/10/2024 11:04 
Check concluded at 08/10/2024 11:04 
Check begun at 08/10/2024 11:14 
Check concluded at 08/10/2024 11:14 
Check begun at 08/10/2024 11:24 
Check concluded at 08/10/2024 11:24 
Check begun at 08/10/2024 11:34 
Check concluded at 08/10/2024 11:34 
Check begun at 08/10/2024 11:44 
Check concluded at 08/10/2024 11:44 
Check begun at 08/10/2024 11:54 
Check concluded at 08/10/2024 11:54 
Check begun at 08/10/2024 11:04 
Check concluded at 08/10/2024 11:04 
Check begun at 08/10/2024 11:14 
Check concluded at 08/10/2024 11:14 
Check begun at 08/10/2024 11:24 
Check concluded at 08/10/2024 11:25 
Check begun at 08/10/2024 11:35 
Check concluded at 08/10/2024 11:35 
Check begun at 08/10/2024 11:45 
Check concluded at 08/10/2024 11:45 
Check begun at 08/10/2024 11:55 
Check concluded at 08/10/2024 11:55 
Check begun at 08/10/2024 11:05 
Check concluded at 08/10/2024 11:05 
Check begun at 08/10/2024 11:15 
Check concluded at 08/10/2024 11:15 
Check begun at 08/10/2024 11:25 
Check concluded at 08/10/2024 11:25 
Check begun at 08/10/2024 11:35 
Check concluded at 08/10/2024 11:35 
Check begun at 08/10/2024 11:45 
Check concluded at 08/10/2024 11:45 
Check begun at 08/10/2024 11:55 
Check concluded at 08/10/2024 11:55 
Check begun at 08/10/2024 11:05 
Check concluded at 08/10/2024 11:05 
Check begun at 08/10/2024 11:15 
Check concluded at 08/10/2024 11:15 
Check begun at 08/10/2024 11:25 
Check concluded at 08/10/2024 11:26 
Check begun at 08/10/2024 11:36 
Check concluded at 08/10/2024 11:36 
Check begun at 08/10/2024 11:46 
Check concluded at 08/10/2024 11:46 
Check begun at 08/10/2024 11:56 
Check concluded at 08/10/2024 11:56 
Check begun at 08/10/2024 11:06 
Check concluded at 08/10/2024 11:06 
Check begun at 08/10/2024 11:16 
Check concluded at 08/10/2024 11:16 
Check begun at 08/10/2024 11:26 
Check concluded at 08/10/2024 11:26 
Check begun at 08/10/2024 11:36 
Check concluded at 08/10/2024 11:36 
Check begun at 08/10/2024 11:46 
Check concluded at 08/10/2024 11:46 
Check begun at 08/10/2024 11:56 
Check concluded at 08/10/2024 11:56 
Check begun at 08/10/2024 11:06 
Check concluded at 08/10/2024 11:06 
Check begun at 08/10/2024 11:16 
Check concluded at 08/10/2024 11:16 
Check begun at 08/10/2024 11:26 
Check concluded at 08/10/2024 11:26 
Check begun at 08/10/2024 11:37 
Check concluded at 08/10/2024 11:37 
Check begun at 08/10/2024 11:47 
Check concluded at 08/10/2024 11:47 
Check begun at 08/10/2024 11:57 
Check concluded at 08/10/2024 11:57 
Check begun at 08/10/2024 11:07 
Check concluded at 08/10/2024 11:07 
Check begun at 08/10/2024 11:17 
Check concluded at 08/10/2024 11:17 
Check begun at 08/10/2024 11:27 
Check concluded at 08/10/2024 11:27 
Check begun at 08/10/2024 11:37 
Check concluded at 08/10/2024 11:37 
Check begun at 08/10/2024 11:47 
Check concluded at 08/10/2024 11:47 
Check begun at 08/10/2024 11:57 
Check concluded at 08/10/2024 11:57 
Check begun at 08/10/2024 12:07 
Check concluded at 08/10/2024 12:07 
Check begun at 08/10/2024 12:17 
Check concluded at 08/10/2024 12:17 
Check begun at 08/10/2024 12:27 
Check concluded at 08/10/2024 12:28 
Check begun at 08/10/2024 12:38 
Check concluded at 08/10/2024 12:38 
Check begun at 08/10/2024 12:48 
Check concluded at 08/10/2024 12:48 
Check begun at 08/10/2024 12:58 
Check concluded at 08/10/2024 12:58 
Check begun at 08/10/2024 12:08 
Check concluded at 08/10/2024 12:08 
Check begun at 08/10/2024 12:18 
Check concluded at 08/10/2024 12:18 
Check begun at 08/10/2024 12:28 
Check concluded at 08/10/2024 12:28 
Check begun at 08/10/2024 12:38 
Check concluded at 08/10/2024 12:38 
Check begun at 08/10/2024 12:48 
Check concluded at 08/10/2024 12:48 
Check begun at 08/10/2024 12:58 
Check concluded at 08/10/2024 12:58 
Check begun at 08/10/2024 12:08 
Check concluded at 08/10/2024 12:08 
Check begun at 08/10/2024 12:18 
Check concluded at 08/10/2024 12:18 
Check begun at 08/10/2024 12:28 
Check concluded at 08/10/2024 12:29 
Check begun at 08/10/2024 12:39 
Check concluded at 08/10/2024 12:39 
Check begun at 08/10/2024 12:49 
Check concluded at 08/10/2024 12:49 
Check begun at 08/10/2024 12:59 
Check concluded at 08/10/2024 12:59 
Check begun at 08/10/2024 12:09 
Check concluded at 08/10/2024 12:09 
Check begun at 08/10/2024 12:19 
Check concluded at 08/10/2024 12:19 
Check begun at 08/10/2024 12:29 
Check concluded at 08/10/2024 12:29 
Check begun at 08/10/2024 12:39 
Check concluded at 08/10/2024 12:39 
Check begun at 08/10/2024 12:49 
Check concluded at 08/10/2024 12:49 
Check begun at 08/10/2024 12:59 
Check concluded at 08/10/2024 12:59 
Check begun at 08/10/2024 12:09 
Check concluded at 08/10/2024 12:09 
Check begun at 08/10/2024 12:19 
Check concluded at 08/10/2024 12:19 
Check begun at 08/10/2024 12:29 
Check concluded at 08/10/2024 12:30 
Check begun at 08/10/2024 12:40 
Check concluded at 08/10/2024 12:40 
Check begun at 08/10/2024 12:50 
Check concluded at 08/10/2024 12:50 
Check begun at 08/10/2024 12:00 
Check concluded at 08/10/2024 12:00 
Check begun at 08/10/2024 12:10 
Check concluded at 08/10/2024 12:10 
Check begun at 08/10/2024 12:20 
Check concluded at 08/10/2024 12:20 
Check begun at 08/10/2024 12:30 
Check concluded at 08/10/2024 12:30 
Check begun at 08/10/2024 12:40 
Check concluded at 08/10/2024 12:40 
Check begun at 08/10/2024 12:50 
Check concluded at 08/10/2024 12:50 
Check begun at 08/10/2024 12:00 
Check concluded at 08/10/2024 12:00 
Check begun at 08/10/2024 12:10 
Check concluded at 08/10/2024 12:10 
Check begun at 08/10/2024 12:20 
Check concluded at 08/10/2024 12:21 
Check begun at 08/10/2024 12:31 
Check concluded at 08/10/2024 12:31 
Check begun at 08/10/2024 12:41 
Check concluded at 08/10/2024 12:41 
Check begun at 08/10/2024 12:51 
Check concluded at 08/10/2024 12:51 
Check begun at 08/10/2024 12:01 
Check concluded at 08/10/2024 12:01 
Check begun at 08/10/2024 12:11 
Check concluded at 08/10/2024 12:11 
Check begun at 08/10/2024 12:21 
Check concluded at 08/10/2024 12:21 
Check begun at 08/10/2024 12:31 
Check concluded at 08/10/2024 12:31 
Check begun at 08/10/2024 12:41 
Check concluded at 08/10/2024 12:41 
Check begun at 08/10/2024 12:51 
Check concluded at 08/10/2024 12:51 
Check begun at 08/10/2024 12:01 
Check concluded at 08/10/2024 12:01 
Check begun at 08/10/2024 12:12 
Check concluded at 08/10/2024 12:12 
Check begun at 08/10/2024 12:22 
Check concluded at 08/10/2024 12:22 
Check begun at 08/10/2024 12:32 
Check concluded at 08/10/2024 12:32 
Check begun at 08/10/2024 12:42 
Check concluded at 08/10/2024 12:42 
Check begun at 08/10/2024 12:52 
Check concluded at 08/10/2024 12:52 
Check begun at 08/10/2024 12:02 
Check concluded at 08/10/2024 12:02 
Check begun at 08/10/2024 12:12 
Check concluded at 08/10/2024 12:12 
Check begun at 08/10/2024 12:22 
Check concluded at 08/10/2024 12:22 
Check begun at 08/10/2024 12:32 
Check concluded at 08/10/2024 12:32 
Check begun at 08/10/2024 12:42 
Check concluded at 08/10/2024 12:42 
Check begun at 08/10/2024 12:52 
Check concluded at 08/10/2024 12:52 
Check begun at 08/10/2024 12:03 
Check concluded at 08/10/2024 12:03 
Check begun at 08/10/2024 12:13 
Check concluded at 08/10/2024 12:13 
Check begun at 08/10/2024 12:23 
Check concluded at 08/10/2024 12:23 
Check begun at 08/10/2024 12:33 
Check concluded at 08/10/2024 12:33 
Check begun at 08/10/2024 12:43 
Check concluded at 08/10/2024 12:43 
Check begun at 08/10/2024 12:53 
Check concluded at 08/10/2024 12:53 
Check begun at 08/10/2024 12:03 
Check concluded at 08/10/2024 12:03 
Check begun at 08/10/2024 12:13 
Check concluded at 08/10/2024 12:13 
Check begun at 08/10/2024 12:23 
Check concluded at 08/10/2024 12:23 
Check begun at 08/10/2024 12:33 
Check concluded at 08/10/2024 12:33 
Check begun at 08/10/2024 12:43 
Check concluded at 08/10/2024 12:44 
Check begun at 08/10/2024 12:54 
Check concluded at 08/10/2024 12:54 
Check begun at 08/10/2024 12:04 
Check concluded at 08/10/2024 12:04 
Check begun at 08/10/2024 12:14 
Check concluded at 08/10/2024 12:14 
Check begun at 08/10/2024 12:24 
Check concluded at 08/10/2024 12:24 
Check begun at 08/10/2024 12:34 
Check concluded at 08/10/2024 12:34 
Check begun at 08/10/2024 12:44 
Check concluded at 08/10/2024 12:44 
Check begun at 08/10/2024 12:54 
Check concluded at 08/10/2024 12:54 
Check begun at 08/10/2024 12:04 
Check concluded at 08/10/2024 12:04 
Check begun at 08/10/2024 12:14 
Check concluded at 08/10/2024 12:14 
Check begun at 08/10/2024 12:24 
Check concluded at 08/10/2024 12:24 
Check begun at 08/10/2024 12:34 
Check concluded at 08/10/2024 12:34 
Check begun at 08/10/2024 12:44 
Check concluded at 08/10/2024 12:45 
Check begun at 08/10/2024 12:55 
Check concluded at 08/10/2024 12:55 
Check begun at 08/10/2024 12:05 
Check concluded at 08/10/2024 12:05 
Check begun at 08/10/2024 12:15 
Check concluded at 08/10/2024 12:15 
Check begun at 08/10/2024 12:25 
Check concluded at 08/10/2024 12:25 
Check begun at 08/10/2024 12:35 
Check concluded at 08/10/2024 12:35 
Check begun at 08/10/2024 12:45 
Check concluded at 08/10/2024 12:45 
Check begun at 08/10/2024 12:55 
Check concluded at 08/10/2024 12:55 
Check begun at 08/10/2024 12:05 
Check concluded at 08/10/2024 12:05 
Check begun at 08/10/2024 12:15 
Check concluded at 08/10/2024 12:15 
Check begun at 08/10/2024 12:25 
Check concluded at 08/10/2024 12:25 
Check begun at 08/10/2024 12:35 
Check concluded at 08/10/2024 12:36 
Check begun at 08/10/2024 12:46 
Check concluded at 08/10/2024 12:46 
Check begun at 08/10/2024 12:56 
Check concluded at 08/10/2024 12:56 
Check begun at 08/10/2024 12:06 
Check concluded at 08/10/2024 12:06 
Check begun at 08/10/2024 12:16 
Check concluded at 08/10/2024 12:16 
Check begun at 08/10/2024 12:26 
Check concluded at 08/10/2024 12:26 
Check begun at 08/10/2024 12:36 
Check concluded at 08/10/2024 12:36 
Check begun at 08/10/2024 12:46 
Check concluded at 08/10/2024 12:46 
Check begun at 08/10/2024 12:56 
Check concluded at 08/10/2024 12:56 
Check begun at 08/10/2024 12:06 
Check concluded at 08/10/2024 12:06 
Check begun at 08/10/2024 12:16 
Check concluded at 08/10/2024 12:16 
Check begun at 08/10/2024 12:26 
Check concluded at 08/10/2024 12:26 
Check begun at 08/10/2024 12:37 
Check concluded at 08/10/2024 12:37 
Check begun at 08/10/2024 12:47 
Check concluded at 08/10/2024 12:47 
Check begun at 08/10/2024 12:57 
Check concluded at 08/10/2024 12:57 
Check begun at 08/10/2024 12:07 
Check concluded at 08/10/2024 12:07 
Check begun at 08/10/2024 12:17 
Check concluded at 08/10/2024 12:17 
Check begun at 08/10/2024 12:27 
Check concluded at 08/10/2024 12:27 
Check begun at 08/10/2024 12:37 
Check concluded at 08/10/2024 12:37 
Check begun at 08/10/2024 12:47 
Check concluded at 08/10/2024 12:47 
Check begun at 08/10/2024 12:57 
Check concluded at 08/10/2024 12:57 
Check begun at 08/10/2024 12:07 
Check concluded at 08/10/2024 12:07 
Check begun at 08/10/2024 12:17 
Check concluded at 08/10/2024 12:17 
Check begun at 08/10/2024 12:27 
Check concluded at 08/10/2024 12:28 
Check begun at 08/10/2024 12:38 
Check concluded at 08/10/2024 12:38 
Check begun at 08/10/2024 12:48 
Check concluded at 08/10/2024 12:48 
Check begun at 08/10/2024 12:58 
Check concluded at 08/10/2024 12:58 
Check begun at 08/10/2024 12:08 
Check concluded at 08/10/2024 12:08 
Check begun at 08/10/2024 12:18 
Check concluded at 08/10/2024 12:18 
Check begun at 08/10/2024 12:28 
Check concluded at 08/10/2024 12:28 
Check begun at 08/10/2024 12:38 
Check concluded at 08/10/2024 12:38 
Check begun at 08/10/2024 12:48 
Check concluded at 08/10/2024 12:48 
Check begun at 08/10/2024 12:58 
Check concluded at 08/10/2024 12:58 
Check begun at 08/10/2024 12:08 
Check concluded at 08/10/2024 12:08 
Check begun at 08/10/2024 12:18 
Check concluded at 08/10/2024 12:19 
Check begun at 08/10/2024 12:29 
Check concluded at 08/10/2024 12:29 
Check begun at 08/10/2024 12:39 
Check concluded at 08/10/2024 12:39 
Check begun at 08/10/2024 12:49 
Check concluded at 08/10/2024 12:49 
Check begun at 08/10/2024 12:59 
Check concluded at 08/10/2024 12:59 
Check begun at 08/10/2024 12:09 
Check concluded at 08/10/2024 12:09 
Check begun at 08/10/2024 12:19 
Check concluded at 08/10/2024 12:19 
Check begun at 08/10/2024 12:29 
Check concluded at 08/10/2024 12:29 
Check begun at 08/10/2024 12:39 
Check concluded at 08/10/2024 12:39 
Check begun at 08/10/2024 12:49 
Check concluded at 08/10/2024 12:49 
Check begun at 08/10/2024 12:59 
Check concluded at 08/10/2024 12:59 
Check begun at 08/10/2024 12:09 
Check concluded at 08/10/2024 12:09 
Check begun at 08/10/2024 12:19 
Check concluded at 08/10/2024 12:20 
Check begun at 08/10/2024 12:30 
Check concluded at 08/10/2024 12:30 
Check begun at 08/10/2024 12:40 
Check concluded at 08/10/2024 12:40 
Check begun at 08/10/2024 12:50 
Check concluded at 08/10/2024 12:50 
Check begun at 08/10/2024 12:00 
Check concluded at 08/10/2024 12:00 
Check begun at 08/10/2024 12:10 
Check concluded at 08/10/2024 12:10 
Check begun at 08/10/2024 12:20 
Check concluded at 08/10/2024 12:20 
Check begun at 08/10/2024 12:30 
Check concluded at 08/10/2024 12:30 
Check begun at 08/10/2024 12:40 
Check concluded at 08/10/2024 12:40 
Check begun at 08/10/2024 12:50 
Check concluded at 08/10/2024 12:50 
Check begun at 08/10/2024 12:00 
Check concluded at 08/10/2024 12:00 
Check begun at 08/10/2024 12:10 
Check concluded at 08/10/2024 12:11 
Check begun at 08/10/2024 12:21 
Check concluded at 08/10/2024 12:21 
Check begun at 08/10/2024 12:31 
Check concluded at 08/10/2024 12:31 
Check begun at 08/10/2024 12:41 
Check concluded at 08/10/2024 12:41 
Check begun at 08/10/2024 12:51 
Check concluded at 08/10/2024 12:51 
Check begun at 08/10/2024 12:01 
Check concluded at 08/10/2024 12:01 
Check begun at 08/10/2024 12:11 
Check concluded at 08/10/2024 12:11 
Check begun at 08/10/2024 12:21 
Check concluded at 08/10/2024 12:21 
Check begun at 08/10/2024 12:31 
Check concluded at 08/10/2024 12:31 
Check begun at 08/10/2024 12:41 
Check concluded at 08/10/2024 12:41 
Check begun at 08/10/2024 12:51 
Check concluded at 08/10/2024 12:51 
Check begun at 08/10/2024 12:01 
Check concluded at 08/10/2024 12:02 
Check begun at 08/10/2024 12:12 
Check concluded at 08/10/2024 12:12 
Check begun at 08/10/2024 12:22 
Check concluded at 08/10/2024 12:22 
Check begun at 08/10/2024 12:32 
Check concluded at 08/10/2024 12:32 
Check begun at 08/10/2024 12:42 
Check concluded at 08/10/2024 12:42 
Check begun at 08/10/2024 12:52 
Check concluded at 08/10/2024 12:52 
Check begun at 08/10/2024 12:02 
Check concluded at 08/10/2024 12:02 
Check begun at 08/10/2024 12:12 
Check concluded at 08/10/2024 12:12 
Check begun at 08/10/2024 12:22 
Check concluded at 08/10/2024 12:22 
Check begun at 08/10/2024 12:32 
Check concluded at 08/10/2024 12:32 
Check begun at 08/10/2024 12:42 
Check concluded at 08/10/2024 12:43 
Check begun at 08/10/2024 12:53 
Check concluded at 08/10/2024 12:53 
Check begun at 08/10/2024 12:03 
Check concluded at 08/10/2024 12:03 
Check begun at 08/10/2024 12:13 
Check concluded at 08/10/2024 12:13 
Check begun at 08/10/2024 12:23 
Check concluded at 08/10/2024 12:23 
Check begun at 08/10/2024 12:33 
Check concluded at 08/10/2024 12:33 
Check begun at 08/10/2024 12:43 
Check concluded at 08/10/2024 12:43 
Check begun at 08/10/2024 12:53 
Check concluded at 08/10/2024 12:53 
Check begun at 08/10/2024 12:03 
Check concluded at 08/10/2024 12:03 
Check begun at 08/10/2024 12:13 
Check concluded at 08/10/2024 12:13 
Check begun at 08/10/2024 12:23 
Check concluded at 08/10/2024 12:24 
Check begun at 08/10/2024 12:34 
Check concluded at 08/10/2024 12:34 
Check begun at 08/10/2024 12:44 
Check concluded at 08/10/2024 12:44 
Check begun at 08/10/2024 12:54 
Check concluded at 08/10/2024 12:54 
Check begun at 08/10/2024 12:04 
Check concluded at 08/10/2024 12:04 
Check begun at 08/10/2024 12:14 
Check concluded at 08/10/2024 12:14 
Check begun at 08/10/2024 12:24 
Check concluded at 08/10/2024 12:24 
Check begun at 08/10/2024 12:34 
Check concluded at 08/10/2024 12:34 
Check begun at 08/10/2024 12:44 
Check concluded at 08/10/2024 12:44 
Check begun at 08/10/2024 12:54 
Check concluded at 08/10/2024 12:54 
Check begun at 08/10/2024 12:04 
Check concluded at 08/10/2024 12:04 
Check begun at 08/10/2024 12:14 
Check concluded at 08/10/2024 12:15 
Check begun at 08/10/2024 12:25 
Check concluded at 08/10/2024 12:25 
Check begun at 08/10/2024 12:35 
Check concluded at 08/10/2024 12:35 
Check begun at 08/10/2024 12:45 
Check concluded at 08/10/2024 12:45 
Check begun at 08/10/2024 12:55 
Check concluded at 08/10/2024 12:55 
Check begun at 08/10/2024 12:05 
Check concluded at 08/10/2024 12:05 
Check begun at 08/10/2024 12:15 
Check concluded at 08/10/2024 12:15 
Check begun at 08/10/2024 12:25 
Check concluded at 08/10/2024 12:25 
Check begun at 08/10/2024 12:35 
Check concluded at 08/10/2024 12:35 
Check begun at 08/10/2024 12:45 
Check concluded at 08/10/2024 12:45 
Check begun at 08/10/2024 12:55 
Check concluded at 08/10/2024 12:55 
Check begun at 08/10/2024 12:05 
Check concluded at 08/10/2024 12:06 
Check begun at 08/10/2024 12:16 
Check concluded at 08/10/2024 12:16 
Check begun at 08/10/2024 12:26 
Check concluded at 08/10/2024 12:26 
Check begun at 08/10/2024 12:36 
Check concluded at 08/10/2024 12:36 
Check begun at 08/10/2024 12:46 
Check concluded at 08/10/2024 12:46 
Check begun at 08/10/2024 12:56 
Check concluded at 08/10/2024 12:56 
Check begun at 08/10/2024 12:06 
Check concluded at 08/10/2024 12:06 
Check begun at 08/10/2024 12:16 
Check concluded at 08/10/2024 12:16 
Check begun at 08/10/2024 12:26 
Check concluded at 08/10/2024 12:26 
Check begun at 08/10/2024 12:36 
Check concluded at 08/10/2024 12:36 
Check begun at 08/10/2024 12:46 
Check concluded at 08/10/2024 12:46 
Check begun at 08/10/2024 12:56 
Check concluded at 08/10/2024 12:57 
Check begun at 08/10/2024 12:07 
Check concluded at 08/10/2024 12:07 
Check begun at 08/10/2024 12:17 
Check concluded at 08/10/2024 12:17 
Check begun at 08/10/2024 12:27 
Check concluded at 08/10/2024 12:27 
Check begun at 08/10/2024 12:37 
Check concluded at 08/10/2024 12:37 
Check begun at 08/10/2024 12:47 
Check concluded at 08/10/2024 12:47 
Check begun at 08/10/2024 12:57 
Check concluded at 08/10/2024 12:57 
Check begun at 08/10/2024 12:07 
Check concluded at 08/10/2024 12:07 
Check begun at 08/10/2024 12:17 
Check concluded at 08/10/2024 12:17 
Check begun at 08/10/2024 12:27 
Check concluded at 08/10/2024 12:27 
Check begun at 08/10/2024 12:37 
Check concluded at 08/10/2024 12:37 
Check begun at 08/10/2024 12:47 
Check concluded at 08/10/2024 12:48 
Check begun at 08/10/2024 12:58 
Check concluded at 08/10/2024 12:58 
Check begun at 08/10/2024 12:08 
Check concluded at 08/10/2024 12:08 
Check begun at 08/10/2024 12:18 
Check concluded at 08/10/2024 12:18 
Check begun at 08/10/2024 12:28 
Check concluded at 08/10/2024 12:28 
Check begun at 08/10/2024 12:38 
Check concluded at 08/10/2024 12:38 
Check begun at 08/10/2024 12:48 
Check concluded at 08/10/2024 12:48 
Check begun at 08/10/2024 12:58 
Check concluded at 08/10/2024 12:58 
Check begun at 08/10/2024 12:08 
Check concluded at 08/10/2024 12:08 
Check begun at 08/10/2024 12:18 
Check concluded at 08/10/2024 12:18 
Check begun at 08/10/2024 12:28 
Check concluded at 08/10/2024 12:29 
Check begun at 08/10/2024 12:39 
Check concluded at 08/10/2024 12:39 
Check begun at 08/10/2024 12:49 
Check concluded at 08/10/2024 12:49 
Check begun at 08/10/2024 12:59 
Check concluded at 08/10/2024 12:59 
Check begun at 08/10/2024 12:09 
Check concluded at 08/10/2024 12:09 
Check begun at 08/10/2024 12:19 
Check concluded at 08/10/2024 12:19 
Check begun at 08/10/2024 12:29 
Check concluded at 08/10/2024 12:29 
Check begun at 08/10/2024 12:39 
Check concluded at 08/10/2024 12:39 
Check begun at 08/10/2024 12:49 
Check concluded at 08/10/2024 12:49 
Check begun at 08/10/2024 12:59 
Check concluded at 08/10/2024 12:59 
Check begun at 08/10/2024 12:09 
Check concluded at 08/10/2024 12:09 
Check begun at 08/10/2024 12:19 
Check concluded at 08/10/2024 12:20 
Check begun at 08/10/2024 12:30 
Check concluded at 08/10/2024 12:30 
Check begun at 08/10/2024 12:40 
Check concluded at 08/10/2024 12:40 
Check begun at 08/10/2024 12:50 
Check concluded at 08/10/2024 12:50 
Check begun at 08/10/2024 12:00 
Check concluded at 08/10/2024 12:00 
Check begun at 08/10/2024 12:10 
Check concluded at 08/10/2024 12:10 
Check begun at 08/10/2024 12:20 
Check concluded at 08/10/2024 12:20 
Check begun at 08/10/2024 12:30 
Check concluded at 08/10/2024 12:30 
Check begun at 08/10/2024 12:40 
Check concluded at 08/10/2024 12:40 
Check begun at 08/10/2024 12:50 
Check concluded at 08/10/2024 12:50 
Check begun at 08/10/2024 12:00 
Check concluded at 08/10/2024 12:01 
Check begun at 08/10/2024 12:11 
Check concluded at 08/10/2024 12:11 
Check begun at 08/10/2024 12:21 
Check concluded at 08/10/2024 12:21 
Check begun at 08/10/2024 12:31 
Check concluded at 08/10/2024 12:31 
Check begun at 08/10/2024 12:41 
Check concluded at 08/10/2024 12:41 
Check begun at 08/10/2024 12:51 
Check concluded at 08/10/2024 12:51 
Check begun at 08/10/2024 12:01 
Check concluded at 08/10/2024 12:01 
Check begun at 08/10/2024 12:11 
Check concluded at 08/10/2024 12:11 
Check begun at 08/10/2024 12:21 
Check concluded at 08/10/2024 12:21 
Check begun at 08/10/2024 12:31 
Check concluded at 08/10/2024 12:31 
Check begun at 08/10/2024 12:41 
Check concluded at 08/10/2024 12:41 
Check begun at 08/10/2024 12:51 
Check concluded at 08/10/2024 12:52 
Check begun at 08/10/2024 12:02 
Check concluded at 08/10/2024 12:02 
Check begun at 08/10/2024 12:12 
Check concluded at 08/10/2024 12:12 
Check begun at 08/10/2024 12:22 
Check concluded at 08/10/2024 12:22 
Check begun at 08/10/2024 12:32 
Check concluded at 08/10/2024 12:32 
Check begun at 08/10/2024 12:42 
Check concluded at 08/10/2024 12:42 
Check begun at 08/10/2024 12:52 
Check concluded at 08/10/2024 12:52 
Check begun at 08/10/2024 12:02 
Check concluded at 08/10/2024 12:02 
Check begun at 08/10/2024 12:12 
Check concluded at 08/10/2024 12:12 
Check begun at 08/10/2024 12:22 
Check concluded at 08/10/2024 12:22 
Check begun at 08/10/2024 12:32 
Check concluded at 08/10/2024 12:32 
Check begun at 08/10/2024 12:42 
Check concluded at 08/10/2024 12:43 
Check begun at 08/10/2024 12:53 
Check concluded at 08/10/2024 12:53 
Check begun at 08/10/2024 12:03 
Check concluded at 08/10/2024 12:03 
Check begun at 08/10/2024 12:13 
Check concluded at 08/10/2024 12:13 
Check begun at 08/10/2024 12:23 
Check concluded at 08/10/2024 12:23 
Check begun at 08/10/2024 12:33 
Check concluded at 08/10/2024 12:33 
Check begun at 08/10/2024 12:43 
Check concluded at 08/10/2024 12:43 
Check begun at 08/10/2024 12:53 
Check concluded at 08/10/2024 12:53 
Check begun at 08/10/2024 12:03 
Check concluded at 08/10/2024 12:03 
Check begun at 08/10/2024 12:13 
Check concluded at 08/10/2024 12:13 
Check begun at 08/10/2024 12:23 
Check concluded at 08/10/2024 12:23 
Check begun at 08/10/2024 12:33 
Check concluded at 08/10/2024 12:34 
Check begun at 08/10/2024 12:44 
Check concluded at 08/10/2024 12:44 
Check begun at 08/10/2024 12:54 
Check concluded at 08/10/2024 12:54 
Check begun at 08/10/2024 12:04 
Check concluded at 08/10/2024 12:04 
Check begun at 08/10/2024 12:14 
Check concluded at 08/10/2024 12:14 
Check begun at 08/10/2024 12:24 
Check concluded at 08/10/2024 12:24 
Check begun at 08/10/2024 12:34 
Check concluded at 08/10/2024 12:34 
Check begun at 08/10/2024 12:44 
Check concluded at 08/10/2024 12:44 
Check begun at 08/10/2024 12:54 
Check concluded at 08/10/2024 12:54 
Check begun at 08/10/2024 12:04 
Check concluded at 08/10/2024 12:04 
Check begun at 08/10/2024 12:14 
Check concluded at 08/10/2024 12:15 
Check begun at 08/10/2024 12:25 
Check concluded at 08/10/2024 12:25 
Check begun at 08/10/2024 12:35 
Check concluded at 08/10/2024 12:35 
Check begun at 08/10/2024 12:45 
Check concluded at 08/10/2024 12:45 
Check begun at 08/10/2024 12:55 
Check concluded at 08/10/2024 12:55 
Check begun at 08/10/2024 12:05 
Check concluded at 08/10/2024 12:05 
Check begun at 08/10/2024 12:15 
Check concluded at 08/10/2024 12:15 
Check begun at 08/10/2024 12:25 
Check concluded at 08/10/2024 12:25 
Check begun at 08/10/2024 12:35 
Check concluded at 08/10/2024 12:35 
Check begun at 08/10/2024 12:45 
Check concluded at 08/10/2024 12:45 
Check begun at 08/10/2024 12:55 
Check concluded at 08/10/2024 12:55 
Check begun at 08/10/2024 12:05 
Check concluded at 08/10/2024 12:06 
Check begun at 08/10/2024 12:16 
Check concluded at 08/10/2024 12:16 
Check begun at 08/10/2024 12:26 
Check concluded at 08/10/2024 12:26 
Check begun at 08/10/2024 12:36 
Check concluded at 08/10/2024 12:36 
Check begun at 08/10/2024 12:46 
Check concluded at 08/10/2024 12:46 
Check begun at 08/10/2024 12:56 
Check concluded at 08/10/2024 12:56 
Check begun at 08/10/2024 12:06 
Check concluded at 08/10/2024 12:06 
Check begun at 08/10/2024 12:16 
Check concluded at 08/10/2024 12:16 
Check begun at 08/10/2024 12:26 
Check concluded at 08/10/2024 12:26 
Check begun at 08/10/2024 12:36 
Check concluded at 08/10/2024 12:36 
Check begun at 08/10/2024 12:46 
Check concluded at 08/10/2024 12:46 
Check begun at 08/10/2024 12:56 
Check concluded at 08/10/2024 12:57 
Check begun at 08/10/2024 12:07 
Check concluded at 08/10/2024 12:07 
Check begun at 08/10/2024 12:17 
Check concluded at 08/10/2024 12:17 
Check begun at 08/10/2024 12:27 
Check concluded at 08/10/2024 12:27 
Check begun at 08/10/2024 12:37 
Check concluded at 08/10/2024 12:37 
Check begun at 08/10/2024 12:47 
Check concluded at 08/10/2024 12:47 
Check begun at 08/10/2024 12:57 
Check concluded at 08/10/2024 12:57 
Check begun at 08/10/2024 12:07 
Check concluded at 08/10/2024 12:07 
Check begun at 08/10/2024 12:17 
Check concluded at 08/10/2024 12:17 
Check begun at 08/10/2024 12:27 
Check concluded at 08/10/2024 12:27 
Check begun at 08/10/2024 12:37 
Check concluded at 08/10/2024 12:38 
Check begun at 08/10/2024 12:48 
Check concluded at 08/10/2024 12:48 
Check begun at 08/10/2024 12:58 
Check concluded at 08/10/2024 12:58 
Check begun at 08/10/2024 12:08 
Check concluded at 08/10/2024 12:08 
Check begun at 08/10/2024 12:18 
Check concluded at 08/10/2024 12:18 
Check begun at 08/10/2024 12:28 
Check concluded at 08/10/2024 12:28 
Check begun at 08/10/2024 12:38 
Check concluded at 08/10/2024 12:38 
Check begun at 08/10/2024 12:48 
Check concluded at 08/10/2024 12:48 
Check begun at 08/10/2024 12:58 
Check concluded at 08/10/2024 12:58 
Check begun at 08/10/2024 12:08 
Check concluded at 08/10/2024 12:08 
Check begun at 08/10/2024 12:18 
Check concluded at 08/10/2024 12:18 
Check begun at 08/10/2024 12:28 
Check concluded at 08/10/2024 12:29 
Check begun at 08/10/2024 12:39 
Check concluded at 08/10/2024 12:39 
Check begun at 08/10/2024 12:49 
Check concluded at 08/10/2024 12:49 
Check begun at 08/10/2024 12:59 
Check concluded at 08/10/2024 12:59 
Check begun at 08/10/2024 12:09 
Check concluded at 08/10/2024 12:09 
Check begun at 08/10/2024 12:19 
Check concluded at 08/10/2024 12:19 
Check begun at 08/10/2024 12:29 
Check concluded at 08/10/2024 12:29 
Check begun at 08/10/2024 12:39 
Check concluded at 08/10/2024 12:39 
Check begun at 08/10/2024 12:49 
Check concluded at 08/10/2024 12:49 
Check begun at 08/10/2024 12:59 
Check concluded at 08/10/2024 12:59 
Check begun at 08/10/2024 12:09 
Check concluded at 08/10/2024 12:09 
Check begun at 08/10/2024 12:20 
Check concluded at 08/10/2024 12:20 
Check begun at 08/10/2024 12:30 
Check concluded at 08/10/2024 12:30 
Check begun at 08/10/2024 12:40 
Check concluded at 08/10/2024 12:40 
Check begun at 08/10/2024 12:50 
Check concluded at 08/10/2024 12:50 
Check begun at 08/10/2024 13:00 
Check concluded at 08/10/2024 13:00 
Check begun at 08/10/2024 13:10 
Check concluded at 08/10/2024 13:10 
Check begun at 08/10/2024 13:20 
Check concluded at 08/10/2024 13:20 
Check begun at 08/10/2024 13:30 
Check concluded at 08/10/2024 13:30 
Check begun at 08/10/2024 13:40 
Check concluded at 08/10/2024 13:40 
Check begun at 08/10/2024 13:50 
Check concluded at 08/10/2024 13:50 
Check begun at 08/10/2024 13:00 
Check concluded at 08/10/2024 13:00 
Check begun at 08/10/2024 13:10 
Check concluded at 08/10/2024 13:11 
Check begun at 08/10/2024 13:21 
Check concluded at 08/10/2024 13:21 
Check begun at 08/10/2024 13:31 
Check concluded at 08/10/2024 13:31 
Check begun at 08/10/2024 13:41 
Check concluded at 08/10/2024 13:41 
Check begun at 08/10/2024 13:51 
Check concluded at 08/10/2024 13:51 
Check begun at 08/10/2024 13:01 
Check concluded at 08/10/2024 13:01 
Check begun at 08/10/2024 13:11 
Check concluded at 08/10/2024 13:11 
Check begun at 08/10/2024 13:21 
Check concluded at 08/10/2024 13:21 
Check begun at 08/10/2024 13:31 
Check concluded at 08/10/2024 13:31 
Check begun at 08/10/2024 13:41 
Check concluded at 08/10/2024 13:41 
Check begun at 08/10/2024 13:51 
Check concluded at 08/10/2024 13:51 
Check begun at 08/10/2024 13:01 
Check concluded at 08/10/2024 13:02 
Check begun at 08/10/2024 13:12 
Check concluded at 08/10/2024 13:12 
Check begun at 08/10/2024 13:22 
Check concluded at 08/10/2024 13:22 
Check begun at 08/10/2024 13:32 
Check concluded at 08/10/2024 13:32 
Check begun at 08/10/2024 13:42 
Check concluded at 08/10/2024 13:42 
Check begun at 08/10/2024 13:52 
Check concluded at 08/10/2024 13:52 
Check begun at 08/10/2024 13:02 
Check concluded at 08/10/2024 13:02 
Check begun at 08/10/2024 13:12 
Check concluded at 08/10/2024 13:12 
Check begun at 08/10/2024 13:22 
Check concluded at 08/10/2024 13:22 
Check begun at 08/10/2024 13:32 
Check concluded at 08/10/2024 13:32 
Check begun at 08/10/2024 13:42 
Check concluded at 08/10/2024 13:42 
Check begun at 08/10/2024 13:52 
Check concluded at 08/10/2024 13:53 
Check begun at 08/10/2024 13:03 
Check concluded at 08/10/2024 13:03 
Check begun at 08/10/2024 13:13 
Check concluded at 08/10/2024 13:13 
Check begun at 08/10/2024 13:23 
Check concluded at 08/10/2024 13:23 
Check begun at 08/10/2024 13:33 
Check concluded at 08/10/2024 13:33 
Check begun at 08/10/2024 13:43 
Check concluded at 08/10/2024 13:43 
Check begun at 08/10/2024 13:53 
Check concluded at 08/10/2024 13:53 
Check begun at 08/10/2024 13:03 
Check concluded at 08/10/2024 13:03 
Check begun at 08/10/2024 13:13 
Check concluded at 08/10/2024 13:13 
Check begun at 08/10/2024 13:23 
Check concluded at 08/10/2024 13:23 
Check begun at 08/10/2024 13:33 
Check concluded at 08/10/2024 13:34 
Check begun at 08/10/2024 13:44 
Check concluded at 08/10/2024 13:44 
Check begun at 08/10/2024 13:54 
Check concluded at 08/10/2024 13:54 
Check begun at 08/10/2024 13:04 
Check concluded at 08/10/2024 13:04 
Check begun at 08/10/2024 13:14 
Check concluded at 08/10/2024 13:14 
Check begun at 08/10/2024 13:24 
Check concluded at 08/10/2024 13:24 
Check begun at 08/10/2024 13:34 
Check concluded at 08/10/2024 13:34 
Check begun at 08/10/2024 13:44 
Check concluded at 08/10/2024 13:44 
Check begun at 08/10/2024 13:54 
Check concluded at 08/10/2024 13:54 
Check begun at 08/10/2024 13:04 
Check concluded at 08/10/2024 13:04 
Check begun at 08/10/2024 13:14 
Check concluded at 08/10/2024 13:14 
Check begun at 08/10/2024 13:25 
Check concluded at 08/10/2024 13:25 
Check begun at 08/10/2024 13:35 
Check concluded at 08/10/2024 13:35 
Check begun at 08/10/2024 13:45 
Check concluded at 08/10/2024 13:45 
Check begun at 08/10/2024 13:55 
Check concluded at 08/10/2024 13:55 
Check begun at 08/10/2024 13:05 
Check concluded at 08/10/2024 13:05 
Check begun at 08/10/2024 13:15 
Check concluded at 08/10/2024 13:15 
Check begun at 08/10/2024 13:25 
Check concluded at 08/10/2024 13:25 
Check begun at 08/10/2024 13:35 
Check concluded at 08/10/2024 13:35 
Check begun at 08/10/2024 13:45 
Check concluded at 08/10/2024 13:45 
Check begun at 08/10/2024 13:55 
Check concluded at 08/10/2024 13:55 
Check begun at 08/10/2024 13:05 
Check concluded at 08/10/2024 13:06 
Check begun at 08/10/2024 13:16 
Check concluded at 08/10/2024 13:16 
Check begun at 08/10/2024 13:26 
Check concluded at 08/10/2024 13:26 
Check begun at 08/10/2024 13:36 
Check concluded at 08/10/2024 13:36 
Check begun at 08/10/2024 13:46 
Check concluded at 08/10/2024 13:46 
Check begun at 08/10/2024 13:56 
Check concluded at 08/10/2024 13:56 
Check begun at 08/10/2024 13:06 
Check concluded at 08/10/2024 13:06 
Check begun at 08/10/2024 13:16 
Check concluded at 08/10/2024 13:16 
Check begun at 08/10/2024 13:26 
Check concluded at 08/10/2024 13:26 
Check begun at 08/10/2024 13:36 
Check concluded at 08/10/2024 13:36 
Check begun at 08/10/2024 13:46 
Check concluded at 08/10/2024 13:46 
Check begun at 08/10/2024 13:56 
Check concluded at 08/10/2024 13:57 
Check begun at 08/10/2024 13:07 
Check concluded at 08/10/2024 13:07 
Check begun at 08/10/2024 13:17 
Check concluded at 08/10/2024 13:17 
Check begun at 08/10/2024 13:27 
Check concluded at 08/10/2024 13:27 
Check begun at 08/10/2024 13:37 
Check concluded at 08/10/2024 13:37 
Check begun at 08/10/2024 13:47 
Check concluded at 08/10/2024 13:47 
Check begun at 08/10/2024 13:57 
Check concluded at 08/10/2024 13:57 
Check begun at 08/10/2024 13:07 
Check concluded at 08/10/2024 13:07 
Check begun at 08/10/2024 13:17 
Check concluded at 08/10/2024 13:17 
Check begun at 08/10/2024 13:27 
Check concluded at 08/10/2024 13:27 
Check begun at 08/10/2024 13:37 
Check concluded at 08/10/2024 13:37 
Check begun at 08/10/2024 13:47 
Check concluded at 08/10/2024 13:48 
Check begun at 08/10/2024 13:58 
Check concluded at 08/10/2024 13:58 
Check begun at 08/10/2024 13:08 
Check concluded at 08/10/2024 13:08 
Check begun at 08/10/2024 13:18 
Check concluded at 08/10/2024 13:18 
Check begun at 08/10/2024 13:28 
Check concluded at 08/10/2024 13:28 
Check begun at 08/10/2024 13:38 
Check concluded at 08/10/2024 13:38 
Check begun at 08/10/2024 13:48 
Check concluded at 08/10/2024 13:48 
Check begun at 08/10/2024 13:58 
Check concluded at 08/10/2024 13:58 
Check begun at 08/10/2024 13:08 
Check concluded at 08/10/2024 13:08 
Check begun at 08/10/2024 13:18 
Check concluded at 08/10/2024 13:18 
Check begun at 08/10/2024 13:28 
Check concluded at 08/10/2024 13:29 
Check begun at 08/10/2024 13:39 
Check concluded at 08/10/2024 13:39 
Check begun at 08/10/2024 13:49 
Check concluded at 08/10/2024 13:49 
Check begun at 08/10/2024 13:59 
Check concluded at 08/10/2024 13:59 
Check begun at 08/10/2024 13:09 
Check concluded at 08/10/2024 13:09 
Check begun at 08/10/2024 13:19 
Check concluded at 08/10/2024 13:19 
Check begun at 08/10/2024 13:29 
Check concluded at 08/10/2024 13:29 
Check begun at 08/10/2024 13:39 
Check concluded at 08/10/2024 13:39 
Check begun at 08/10/2024 13:49 
Check concluded at 08/10/2024 13:49 
Check begun at 08/10/2024 13:59 
Check concluded at 08/10/2024 13:59 
Check begun at 08/10/2024 13:09 
Check concluded at 08/10/2024 13:09 
Check begun at 08/10/2024 13:19 
Check concluded at 08/10/2024 13:20 
Check begun at 08/10/2024 13:30 
Check concluded at 08/10/2024 13:30 
Check begun at 08/10/2024 13:40 
Check concluded at 08/10/2024 13:40 
Check begun at 08/10/2024 13:50 
Check concluded at 08/10/2024 13:50 
Check begun at 08/10/2024 13:00 
Check concluded at 08/10/2024 13:00 
Check begun at 08/10/2024 13:10 
Check concluded at 08/10/2024 13:10 
Check begun at 08/10/2024 13:20 
Check concluded at 08/10/2024 13:20 
Check begun at 08/10/2024 13:30 
Check concluded at 08/10/2024 13:30 
Check begun at 08/10/2024 13:40 
Check concluded at 08/10/2024 13:40 
Check begun at 08/10/2024 13:50 
Check concluded at 08/10/2024 13:50 
Check begun at 08/10/2024 13:00 
Check concluded at 08/10/2024 13:01 
Check begun at 08/10/2024 13:11 
Check concluded at 08/10/2024 13:11 
Check begun at 08/10/2024 13:21 
Check concluded at 08/10/2024 13:21 
Check begun at 08/10/2024 13:31 
Check concluded at 08/10/2024 13:31 
Check begun at 08/10/2024 13:41 
Check concluded at 08/10/2024 13:41 
Check begun at 08/10/2024 13:51 
Check concluded at 08/10/2024 13:51 
Check begun at 08/10/2024 13:01 
Check concluded at 08/10/2024 13:01 
Check begun at 08/10/2024 13:11 
Check concluded at 08/10/2024 13:11 
Check begun at 08/10/2024 13:21 
Check concluded at 08/10/2024 13:21 
Check begun at 08/10/2024 13:31 
Check concluded at 08/10/2024 13:31 
Check begun at 08/10/2024 13:41 
Check concluded at 08/10/2024 13:41 
Check begun at 08/10/2024 13:51 
Check concluded at 08/10/2024 13:51 
Check begun at 08/10/2024 13:02 
Check concluded at 08/10/2024 13:02 
Check begun at 08/10/2024 13:12 
Check concluded at 08/10/2024 13:12 
Check begun at 08/10/2024 13:22 
Check concluded at 08/10/2024 13:22 
Check begun at 08/10/2024 13:32 
Check concluded at 08/10/2024 13:32 
Check begun at 08/10/2024 13:42 
Check concluded at 08/10/2024 13:42 
Check begun at 08/10/2024 13:52 
Check concluded at 08/10/2024 13:52 
Check begun at 08/10/2024 13:02 
Check concluded at 08/10/2024 13:02 
Check begun at 08/10/2024 13:12 
Check concluded at 08/10/2024 13:12 
Check begun at 08/10/2024 13:22 
Check concluded at 08/10/2024 13:22 
Check begun at 08/10/2024 13:32 
Check concluded at 08/10/2024 13:32 
Check begun at 08/10/2024 13:42 
Check concluded at 08/10/2024 13:43 
Check begun at 08/10/2024 13:53 
Check concluded at 08/10/2024 13:53 
Check begun at 08/10/2024 13:03 
Check concluded at 08/10/2024 13:03 
Check begun at 08/10/2024 13:13 
Check concluded at 08/10/2024 13:13 
Check begun at 08/10/2024 13:23 
Check concluded at 08/10/2024 13:23 
Check begun at 08/10/2024 13:33 
Check concluded at 08/10/2024 13:33 
Check begun at 08/10/2024 13:43 
Check concluded at 08/10/2024 13:43 
Check begun at 08/10/2024 13:53 
Check concluded at 08/10/2024 13:53 
Check begun at 08/10/2024 13:03 
Check concluded at 08/10/2024 13:03 
Check begun at 08/10/2024 13:13 
Check concluded at 08/10/2024 13:13 
Check begun at 08/10/2024 13:23 
Check concluded at 08/10/2024 13:23 
Check begun at 08/10/2024 13:33 
Check concluded at 08/10/2024 13:34 
Check begun at 08/10/2024 13:44 
Check concluded at 08/10/2024 13:44 
Check begun at 08/10/2024 13:54 
Check concluded at 08/10/2024 13:54 
Check begun at 08/10/2024 13:04 
Check concluded at 08/10/2024 13:04 
Check begun at 08/10/2024 13:14 
Check concluded at 08/10/2024 13:14 
Check begun at 08/10/2024 13:24 
Check concluded at 08/10/2024 13:24 
Check begun at 08/10/2024 13:34 
Check concluded at 08/10/2024 13:34 
Check begun at 08/10/2024 13:44 
Check concluded at 08/10/2024 13:44 
Check begun at 08/10/2024 13:54 
Check concluded at 08/10/2024 13:54 
Check begun at 08/10/2024 13:04 
Check concluded at 08/10/2024 13:04 
Check begun at 08/10/2024 13:14 
Check concluded at 08/10/2024 13:14 
Check begun at 08/10/2024 13:24 
Check concluded at 08/10/2024 13:24 
Check begun at 08/10/2024 13:35 
Check concluded at 08/10/2024 13:35 
Check begun at 08/10/2024 13:45 
Check concluded at 08/10/2024 13:45 
Check begun at 08/10/2024 13:55 
Check concluded at 08/10/2024 13:55 
Check begun at 08/10/2024 13:05 
Check concluded at 08/10/2024 13:05 
Check begun at 08/10/2024 13:15 
Check concluded at 08/10/2024 13:15 
Check begun at 08/10/2024 13:25 
Check concluded at 08/10/2024 13:25 
Check begun at 08/10/2024 13:35 
Check concluded at 08/10/2024 13:35 
Check begun at 08/10/2024 13:45 
Check concluded at 08/10/2024 13:45 
Check begun at 08/10/2024 13:55 
Check concluded at 08/10/2024 13:55 
Check begun at 08/10/2024 13:05 
Check concluded at 08/10/2024 13:05 
Check begun at 08/10/2024 13:15 
Check concluded at 08/10/2024 13:15 
Check begun at 08/10/2024 13:25 
Check concluded at 08/10/2024 13:26 
Check begun at 08/10/2024 13:36 
Check concluded at 08/10/2024 13:36 
Check begun at 08/10/2024 13:46 
Check concluded at 08/10/2024 13:46 
Check begun at 08/10/2024 13:56 
Check concluded at 08/10/2024 13:56 
Check begun at 08/10/2024 13:06 
Check concluded at 08/10/2024 13:06 
Check begun at 08/10/2024 13:16 
Check concluded at 08/10/2024 13:16 
Check begun at 08/10/2024 13:26 
Check concluded at 08/10/2024 13:26 
Check begun at 08/10/2024 13:36 
Check concluded at 08/10/2024 13:36 
Check begun at 08/10/2024 13:46 
Check concluded at 08/10/2024 13:46 
Check begun at 08/10/2024 13:56 
Check concluded at 08/10/2024 13:56 
Check begun at 08/10/2024 13:06 
Check concluded at 08/10/2024 13:06 
Check begun at 08/10/2024 13:16 
Check concluded at 08/10/2024 13:16 
Check begun at 08/10/2024 13:27 
Check concluded at 08/10/2024 13:27 
Check begun at 08/10/2024 13:37 
Check concluded at 08/10/2024 13:37 
Check begun at 08/10/2024 13:47 
Check concluded at 08/10/2024 13:47 
Check begun at 08/10/2024 13:57 
Check concluded at 08/10/2024 13:57 
Check begun at 08/10/2024 13:07 
Check concluded at 08/10/2024 13:07 
Check begun at 08/10/2024 13:17 
Check concluded at 08/10/2024 13:17 
Check begun at 08/10/2024 13:27 
Check concluded at 08/10/2024 13:27 
Check begun at 08/10/2024 13:37 
Check concluded at 08/10/2024 13:37 
Check begun at 08/10/2024 13:47 
Check concluded at 08/10/2024 13:47 
Check begun at 08/10/2024 13:57 
Check concluded at 08/10/2024 13:57 
Check begun at 08/10/2024 13:07 
Check concluded at 08/10/2024 13:07 
Check begun at 08/10/2024 13:17 
Check concluded at 08/10/2024 13:18 
Check begun at 08/10/2024 13:28 
Check concluded at 08/10/2024 13:28 
Check begun at 08/10/2024 13:38 
Check concluded at 08/10/2024 13:38 
Check begun at 08/10/2024 13:48 
Check concluded at 08/10/2024 13:48 
Check begun at 08/10/2024 13:58 
Check concluded at 08/10/2024 13:58 
Check begun at 08/10/2024 13:08 
Check concluded at 08/10/2024 13:08 
Check begun at 08/10/2024 13:18 
Check concluded at 08/10/2024 13:18 
Check begun at 08/10/2024 13:28 
Check concluded at 08/10/2024 13:28 
Check begun at 08/10/2024 13:38 
Check concluded at 08/10/2024 13:38 
Check begun at 08/10/2024 13:48 
Check concluded at 08/10/2024 13:48 
Check begun at 08/10/2024 13:58 
Check concluded at 08/10/2024 13:58 
Check begun at 08/10/2024 13:08 
Check concluded at 08/10/2024 13:09 
Check begun at 08/10/2024 13:19 
Check concluded at 08/10/2024 13:19 
Check begun at 08/10/2024 13:29 
Check concluded at 08/10/2024 13:29 
Check begun at 08/10/2024 13:39 
Check concluded at 08/10/2024 13:39 
Check begun at 08/10/2024 13:49 
Check concluded at 08/10/2024 13:49 
Check begun at 08/10/2024 13:59 
Check concluded at 08/10/2024 13:59 
Check begun at 08/10/2024 13:09 
Check concluded at 08/10/2024 13:09 
Check begun at 08/10/2024 13:19 
Check concluded at 08/10/2024 13:19 
Check begun at 08/10/2024 13:29 
Check concluded at 08/10/2024 13:29 
Check begun at 08/10/2024 13:39 
Check concluded at 08/10/2024 13:39 
Check begun at 08/10/2024 13:49 
Check concluded at 08/10/2024 13:49 
Check begun at 08/10/2024 13:59 
Check concluded at 08/10/2024 13:00 
Check begun at 08/10/2024 13:10 
Check concluded at 08/10/2024 13:10 
Check begun at 08/10/2024 13:20 
Check concluded at 08/10/2024 13:20 
Check begun at 08/10/2024 13:30 
Check concluded at 08/10/2024 13:30 
Check begun at 08/10/2024 13:40 
Check concluded at 08/10/2024 13:40 
Check begun at 08/10/2024 13:50 
Check concluded at 08/10/2024 13:50 
Check begun at 08/10/2024 13:00 
Check concluded at 08/10/2024 13:00 
Check begun at 08/10/2024 13:10 
Check concluded at 08/10/2024 13:10 
Check begun at 08/10/2024 13:20 
Check concluded at 08/10/2024 13:20 
Check begun at 08/10/2024 13:30 
Check concluded at 08/10/2024 13:30 
Check begun at 08/10/2024 13:40 
Check concluded at 08/10/2024 13:40 
Check begun at 08/10/2024 13:50 
Check concluded at 08/10/2024 13:51 
Check begun at 08/10/2024 13:01 
Check concluded at 08/10/2024 13:01 
Check begun at 08/10/2024 13:11 
Check concluded at 08/10/2024 13:11 
Check begun at 08/10/2024 13:21 
Check concluded at 08/10/2024 13:21 
Check begun at 08/10/2024 13:31 
Check concluded at 08/10/2024 13:31 
Check begun at 08/10/2024 13:41 
Check concluded at 08/10/2024 13:41 
Check begun at 08/10/2024 13:51 
Check concluded at 08/10/2024 13:51 
Check begun at 08/10/2024 13:01 
Check concluded at 08/10/2024 13:01 
Check begun at 08/10/2024 13:11 
Check concluded at 08/10/2024 13:11 
Check begun at 08/10/2024 13:21 
Check concluded at 08/10/2024 13:21 
Check begun at 08/10/2024 13:31 
Check concluded at 08/10/2024 13:31 
Check begun at 08/10/2024 13:41 
Check concluded at 08/10/2024 13:42 
Check begun at 08/10/2024 13:52 
Check concluded at 08/10/2024 13:52 
Check begun at 08/10/2024 13:02 
Check concluded at 08/10/2024 13:02 
Check begun at 08/10/2024 13:12 
Check concluded at 08/10/2024 13:12 
Check begun at 08/10/2024 13:22 
Check concluded at 08/10/2024 13:22 
Check begun at 08/10/2024 13:32 
Check concluded at 08/10/2024 13:32 
Check begun at 08/10/2024 13:42 
Check concluded at 08/10/2024 13:42 
Check begun at 08/10/2024 13:52 
Check concluded at 08/10/2024 13:52 
Check begun at 08/10/2024 13:02 
Check concluded at 08/10/2024 13:02 
Check begun at 08/10/2024 13:12 
Check concluded at 08/10/2024 13:12 
Check begun at 08/10/2024 13:22 
Check concluded at 08/10/2024 13:22 
Check begun at 08/10/2024 13:32 
Check concluded at 08/10/2024 13:33 
Check begun at 08/10/2024 13:43 
Check concluded at 08/10/2024 13:43 
Check begun at 08/10/2024 13:53 
Check concluded at 08/10/2024 13:53 
Check begun at 08/10/2024 13:03 
Check concluded at 08/10/2024 13:03 
Check begun at 08/10/2024 13:13 
Check concluded at 08/10/2024 13:13 
Check begun at 08/10/2024 13:23 
Check concluded at 08/10/2024 13:23 
Check begun at 08/10/2024 13:33 
Check concluded at 08/10/2024 13:33 
Check begun at 08/10/2024 13:43 
Check concluded at 08/10/2024 13:43 
Check begun at 08/10/2024 13:53 
Check concluded at 08/10/2024 13:53 
Check begun at 08/10/2024 13:03 
Check concluded at 08/10/2024 13:03 
Check begun at 08/10/2024 13:13 
Check concluded at 08/10/2024 13:13 
Check begun at 08/10/2024 13:23 
Check concluded at 08/10/2024 13:24 
Check begun at 08/10/2024 13:34 
Check concluded at 08/10/2024 13:34 
Check begun at 08/10/2024 13:44 
Check concluded at 08/10/2024 13:44 
Check begun at 08/10/2024 13:54 
Check concluded at 08/10/2024 13:54 
Check begun at 08/10/2024 13:04 
Check concluded at 08/10/2024 13:04 
Check begun at 08/10/2024 13:14 
Check concluded at 08/10/2024 13:14 
Check begun at 08/10/2024 13:24 
Check concluded at 08/10/2024 13:24 
Check begun at 08/10/2024 13:34 
Check concluded at 08/10/2024 13:34 
Check begun at 08/10/2024 13:44 
Check concluded at 08/10/2024 13:44 
Check begun at 08/10/2024 13:54 
Check concluded at 08/10/2024 13:54 
Check begun at 08/10/2024 13:04 
Check concluded at 08/10/2024 13:04 
Check begun at 08/10/2024 13:14 
Check concluded at 08/10/2024 13:14 
Check begun at 08/10/2024 13:24 
Check concluded at 08/10/2024 13:25 
Check begun at 08/10/2024 13:35 
Check concluded at 08/10/2024 13:35 
Check begun at 08/10/2024 13:45 
Check concluded at 08/10/2024 13:45 
Check begun at 08/10/2024 13:55 
Check concluded at 08/10/2024 13:55 
Check begun at 08/10/2024 13:05 
Check concluded at 08/10/2024 13:05 
Check begun at 08/10/2024 13:15 
Check concluded at 08/10/2024 13:15 
Check begun at 08/10/2024 13:25 
Check concluded at 08/10/2024 13:25 
Check begun at 08/10/2024 13:35 
Check concluded at 08/10/2024 13:35 
Check begun at 08/10/2024 13:45 
Check concluded at 08/10/2024 13:45 
Check begun at 08/10/2024 13:55 
Check concluded at 08/10/2024 13:55 
Check begun at 08/10/2024 13:05 
Check concluded at 08/10/2024 13:06 
Check begun at 08/10/2024 13:16 
Check concluded at 08/10/2024 13:16 
Check begun at 08/10/2024 13:26 
Check concluded at 08/10/2024 13:26 
Check begun at 08/10/2024 13:36 
Check concluded at 08/10/2024 13:36 
Check begun at 08/10/2024 13:46 
Check concluded at 08/10/2024 13:46 
Check begun at 08/10/2024 13:56 
Check concluded at 08/10/2024 13:56 
Check begun at 08/10/2024 13:06 
Check concluded at 08/10/2024 13:06 
Check begun at 08/10/2024 13:16 
Check concluded at 08/10/2024 13:16 
Check begun at 08/10/2024 13:26 
Check concluded at 08/10/2024 13:26 
Check begun at 08/10/2024 13:36 
Check concluded at 08/10/2024 13:36 
Check begun at 08/10/2024 13:46 
Check concluded at 08/10/2024 13:46 
Check begun at 08/10/2024 13:56 
Check concluded at 08/10/2024 13:57 
Check begun at 08/10/2024 13:07 
Check concluded at 08/10/2024 13:07 
Check begun at 08/10/2024 13:17 
Check concluded at 08/10/2024 13:17 
Check begun at 08/10/2024 13:27 
Check concluded at 08/10/2024 13:27 
Check begun at 08/10/2024 13:37 
Check concluded at 08/10/2024 13:37 
Check begun at 08/10/2024 13:47 
Check concluded at 08/10/2024 13:47 
Check begun at 08/10/2024 13:57 
Check concluded at 08/10/2024 13:57 
Check begun at 08/10/2024 13:07 
Check concluded at 08/10/2024 13:07 
Check begun at 08/10/2024 13:17 
Check concluded at 08/10/2024 13:17 
Check begun at 08/10/2024 13:27 
Check concluded at 08/10/2024 13:27 
Check begun at 08/10/2024 13:37 
Check concluded at 08/10/2024 13:37 
Check begun at 08/10/2024 13:47 
Check concluded at 08/10/2024 13:48 
Check begun at 08/10/2024 13:58 
Check concluded at 08/10/2024 13:58 
Check begun at 08/10/2024 13:08 
Check concluded at 08/10/2024 13:08 
Check begun at 08/10/2024 13:18 
Check concluded at 08/10/2024 13:18 
Check begun at 08/10/2024 13:28 
Check concluded at 08/10/2024 13:28 
Check begun at 08/10/2024 13:38 
Check concluded at 08/10/2024 13:38 
Check begun at 08/10/2024 13:48 
Check concluded at 08/10/2024 13:48 
Check begun at 08/10/2024 13:58 
Check concluded at 08/10/2024 13:58 
Check begun at 08/10/2024 13:08 
Check concluded at 08/10/2024 13:08 
Check begun at 08/10/2024 13:18 
Check concluded at 08/10/2024 13:18 
Check begun at 08/10/2024 13:28 
Check concluded at 08/10/2024 13:28 
Check begun at 08/10/2024 13:38 
Check concluded at 08/10/2024 13:38 
Check begun at 08/10/2024 13:48 
Check concluded at 08/10/2024 13:49 
Check begun at 08/10/2024 13:59 
Check concluded at 08/10/2024 13:59 
Check begun at 08/10/2024 13:09 
Check concluded at 08/10/2024 13:09 
Check begun at 08/10/2024 13:19 
Check concluded at 08/10/2024 13:19 
Check begun at 08/10/2024 13:29 
Check concluded at 08/10/2024 13:29 
Check begun at 08/10/2024 13:39 
Check concluded at 08/10/2024 13:39 
Check begun at 08/10/2024 13:49 
Check concluded at 08/10/2024 13:49 
Check begun at 08/10/2024 13:59 
Check concluded at 08/10/2024 13:59 
Check begun at 08/10/2024 13:09 
Check concluded at 08/10/2024 13:09 
Check begun at 08/10/2024 13:19 
Check concluded at 08/10/2024 13:19 
Check begun at 08/10/2024 13:29 
Check concluded at 08/10/2024 13:29 
Check begun at 08/10/2024 13:40 
Check concluded at 08/10/2024 13:40 
Check begun at 08/10/2024 13:50 
Check concluded at 08/10/2024 13:50 
Check begun at 08/10/2024 13:00 
Check concluded at 08/10/2024 13:00 
Check begun at 08/10/2024 13:10 
Check concluded at 08/10/2024 13:10 
Check begun at 08/10/2024 13:20 
Check concluded at 08/10/2024 13:20 
Check begun at 08/10/2024 13:30 
Check concluded at 08/10/2024 13:30 
Check begun at 08/10/2024 13:40 
Check concluded at 08/10/2024 13:40 
Check begun at 08/10/2024 13:50 
Check concluded at 08/10/2024 13:50 
Check begun at 08/10/2024 13:00 
Check concluded at 08/10/2024 13:00 
Check begun at 08/10/2024 13:10 
Check concluded at 08/10/2024 13:10 
Check begun at 08/10/2024 13:20 
Check concluded at 08/10/2024 13:20 
Check begun at 08/10/2024 13:31 
Check concluded at 08/10/2024 13:31 
Check begun at 08/10/2024 13:41 
Check concluded at 08/10/2024 13:41 
Check begun at 08/10/2024 13:51 
Check concluded at 08/10/2024 13:51 
Check begun at 08/10/2024 13:01 
Check concluded at 08/10/2024 13:01 
Check begun at 08/10/2024 13:11 
Check concluded at 08/10/2024 13:11 
Check begun at 08/10/2024 13:21 
Check concluded at 08/10/2024 13:21 
Check begun at 08/10/2024 13:31 
Check concluded at 08/10/2024 13:31 
Check begun at 08/10/2024 13:41 
Check concluded at 08/10/2024 13:41 
Check begun at 08/10/2024 13:51 
Check concluded at 08/10/2024 13:51 
Check begun at 08/10/2024 13:01 
Check concluded at 08/10/2024 13:01 
Check begun at 08/10/2024 13:11 
Check concluded at 08/10/2024 13:12 
Check begun at 08/10/2024 13:22 
Check concluded at 08/10/2024 13:22 
Check begun at 08/10/2024 13:32 
Check concluded at 08/10/2024 13:32 
Check begun at 08/10/2024 13:42 
Check concluded at 08/10/2024 13:42 
Check begun at 08/10/2024 13:52 
Check concluded at 08/10/2024 13:52 
Check begun at 08/10/2024 13:02 
Check concluded at 08/10/2024 13:02 
Check begun at 08/10/2024 13:12 
Check concluded at 08/10/2024 13:12 
Check begun at 08/10/2024 13:22 
Check concluded at 08/10/2024 13:22 
Check begun at 08/10/2024 13:32 
Check concluded at 08/10/2024 13:32 
Check begun at 08/10/2024 13:42 
Check concluded at 08/10/2024 13:42 
